2024-06-11 08:22:23.847  INFO 564060 --- [main] (system) c.example.MyProjectBackendApplication    : Starting MyProjectBackendApplication using Java 20.0.1 with PID 564060 (G:\project\前后端分离框架（已实现登陆注册和基础配置）\my-project-backend\target\classes started by sss in G:\project\前后端分离框架（已实现登陆注册和基础配置）\my-project-backend)
2024-06-11 08:22:23.851  INFO 564060 --- [main] (system) c.example.MyProjectBackendApplication    : The following 1 profile is active: "dev"
2024-06-11 08:22:24.951  INFO 564060 --- [main] (system) .s.d.r.c.RepositoryConfigurationDelegate : Multiple Spring Data modules found, entering strict repository configuration mode
2024-06-11 08:22:24.954  INFO 564060 --- [main] (system) .s.d.r.c.RepositoryConfigurationDelegate : Bootstrapping Spring Data Redis repositories in DEFAULT mode.
2024-06-11 08:22:24.980  INFO 564060 --- [main] (system) .s.d.r.c.RepositoryConfigurationDelegate : Finished Spring Data repository scanning in 10 ms. Found 0 Redis repository interfaces.
2024-06-11 08:22:25.655  INFO 564060 --- [main] (system) o.s.b.w.embedded.tomcat.TomcatWebServer  : Tomcat initialized with port(s): 8080 (http)
2024-06-11 08:22:25.665  INFO 564060 --- [main] (system) o.apache.catalina.core.StandardService   : Starting service [Tomcat]
2024-06-11 08:22:25.665  INFO 564060 --- [main] (system) o.apache.catalina.core.StandardEngine    : Starting Servlet engine: [Apache Tomcat/10.1.11]
2024-06-11 08:22:25.753  INFO 564060 --- [main] (system) o.a.c.c.C.[Tomcat].[localhost].[/]       : Initializing Spring embedded WebApplicationContext
2024-06-11 08:22:25.754  INFO 564060 --- [main] (system) w.s.c.ServletWebServerApplicationContext : Root WebApplicationContext: initialization completed in 1865 ms
2024-06-11 08:22:27.019  INFO 564060 --- [main] (system) o.s.s.web.DefaultSecurityFilterChain     : Will secure any request with [org.springframework.security.web.session.DisableEncodeUrlFilter@f6bc75c, org.springframework.security.web.context.request.async.WebAsyncManagerIntegrationFilter@33f2cf82, org.springframework.security.web.context.SecurityContextHolderFilter@180cc0df, org.springframework.security.web.header.HeaderWriterFilter@70e5737f, org.springframework.security.web.authentication.logout.LogoutFilter@19ce19b7, com.example.filter.JwtAuthenticationFilter@7d61468c, com.example.filter.RequestLogFilter@65a48cab, org.springframework.security.web.authentication.UsernamePasswordAuthenticationFilter@2bd7f686, org.springframework.security.web.savedrequest.RequestCacheAwareFilter@61c58320, org.springframework.security.web.servletapi.SecurityContextHolderAwareRequestFilter@5ee0cf64, org.springframework.security.web.authentication.AnonymousAuthenticationFilter@bea283b, org.springframework.security.web.session.SessionManagementFilter@10ad95cd, org.springframework.security.web.access.ExceptionTranslationFilter@5ca8bd01, org.springframework.security.web.access.intercept.AuthorizationFilter@1e6bd367]
2024-06-11 08:22:27.386  WARN 564060 --- [main] (system) ocalVariableTableParameterNameDiscoverer : Using deprecated '-debug' fallback for parameter name resolution. Compile the affected code with '-parameters' instead or avoid its introspection: org.springframework.amqp.rabbit.core.RabbitAdmin
2024-06-11 08:22:27.443  INFO 564060 --- [main] (system) o.s.b.w.embedded.tomcat.TomcatWebServer  : Tomcat started on port(s): 8080 (http) with context path ''
2024-06-11 08:22:27.447  INFO 564060 --- [main] (system) o.s.a.r.c.CachingConnectionFactory       : Attempting to connect to: [localhost:5672]
2024-06-11 08:22:27.508  INFO 564060 --- [main] (system) o.s.a.r.c.CachingConnectionFactory       : Created new connection: rabbitConnectionFactory#356341c9:0/SimpleConnection@19c24321 [delegate=amqp://admin@127.0.0.1:5672/, localPort=56613]
2024-06-11 08:22:27.563  INFO 564060 --- [main] (system) c.example.MyProjectBackendApplication    : Started MyProjectBackendApplication in 4.249 seconds (process running for 5.118)
2024-06-11 08:23:51.924  INFO 564060 --- [org.springframework.amqp.rabbit.RabbitListenerEndpointContainer#0-2] (system) o.s.a.r.l.SimpleMessageListenerContainer : Waiting for workers to finish.
2024-06-11 08:23:52.323  INFO 564060 --- [org.springframework.amqp.rabbit.RabbitListenerEndpointContainer#0-2] (system) o.s.a.r.l.SimpleMessageListenerContainer : Successfully waited for workers to finish.
2024-06-11 15:05:52.995  INFO 571000 --- [main] (system) c.example.MyProjectBackendApplication    : Starting MyProjectBackendApplication using Java 20.0.1 with PID 571000 (G:\project\web-demo\my-project-backend\target\classes started by sss in G:\project\web-demo\my-project-backend)
2024-06-11 15:05:52.997  INFO 571000 --- [main] (system) c.example.MyProjectBackendApplication    : The following 1 profile is active: "dev"
2024-06-11 15:05:53.735  INFO 571000 --- [main] (system) .s.d.r.c.RepositoryConfigurationDelegate : Multiple Spring Data modules found, entering strict repository configuration mode
2024-06-11 15:05:53.738  INFO 571000 --- [main] (system) .s.d.r.c.RepositoryConfigurationDelegate : Bootstrapping Spring Data Redis repositories in DEFAULT mode.
2024-06-11 15:05:53.764  INFO 571000 --- [main] (system) .s.d.r.c.RepositoryConfigurationDelegate : Finished Spring Data repository scanning in 10 ms. Found 0 Redis repository interfaces.
2024-06-11 15:05:54.412  INFO 571000 --- [main] (system) o.s.b.w.embedded.tomcat.TomcatWebServer  : Tomcat initialized with port(s): 8080 (http)
2024-06-11 15:05:54.421  INFO 571000 --- [main] (system) o.apache.catalina.core.StandardService   : Starting service [Tomcat]
2024-06-11 15:05:54.421  INFO 571000 --- [main] (system) o.apache.catalina.core.StandardEngine    : Starting Servlet engine: [Apache Tomcat/10.1.11]
2024-06-11 15:05:54.502  INFO 571000 --- [main] (system) o.a.c.c.C.[Tomcat].[localhost].[/]       : Initializing Spring embedded WebApplicationContext
2024-06-11 15:05:54.502  INFO 571000 --- [main] (system) w.s.c.ServletWebServerApplicationContext : Root WebApplicationContext: initialization completed in 1472 ms
2024-06-11 15:05:55.637  INFO 571000 --- [main] (system) o.s.s.web.DefaultSecurityFilterChain     : Will secure any request with [org.springframework.security.web.session.DisableEncodeUrlFilter@5c60f096, org.springframework.security.web.context.request.async.WebAsyncManagerIntegrationFilter@1760e688, org.springframework.security.web.context.SecurityContextHolderFilter@37c5b8e8, org.springframework.security.web.header.HeaderWriterFilter@7cbede2b, org.springframework.security.web.authentication.logout.LogoutFilter@22854f2b, com.example.filter.JwtAuthenticationFilter@23f5008a, com.example.filter.RequestLogFilter@2bb0e277, org.springframework.security.web.authentication.UsernamePasswordAuthenticationFilter@512dc0e0, org.springframework.security.web.savedrequest.RequestCacheAwareFilter@3205610d, org.springframework.security.web.servletapi.SecurityContextHolderAwareRequestFilter@4e45fbd0, org.springframework.security.web.authentication.AnonymousAuthenticationFilter@53fc870f, org.springframework.security.web.session.SessionManagementFilter@2d3d4a54, org.springframework.security.web.access.ExceptionTranslationFilter@3e71a1f8, org.springframework.security.web.access.intercept.AuthorizationFilter@27d6267e]
2024-06-11 15:05:55.921  WARN 571000 --- [main] (system) ocalVariableTableParameterNameDiscoverer : Using deprecated '-debug' fallback for parameter name resolution. Compile the affected code with '-parameters' instead or avoid its introspection: org.springframework.amqp.rabbit.core.RabbitAdmin
2024-06-11 15:05:55.972  INFO 571000 --- [main] (system) o.s.b.w.embedded.tomcat.TomcatWebServer  : Tomcat started on port(s): 8080 (http) with context path ''
2024-06-11 15:05:55.976  INFO 571000 --- [main] (system) o.s.a.r.c.CachingConnectionFactory       : Attempting to connect to: [localhost:5672]
2024-06-11 15:05:56.026  INFO 571000 --- [main] (system) o.s.a.r.c.CachingConnectionFactory       : Created new connection: rabbitConnectionFactory#1ad1b737:0/SimpleConnection@2dcbf825 [delegate=amqp://admin@127.0.0.1:5672/, localPort=53884]
2024-06-11 15:05:56.072  INFO 571000 --- [main] (system) c.example.MyProjectBackendApplication    : Started MyProjectBackendApplication in 3.52 seconds (process running for 4.321)
2024-06-11 15:06:01.187  INFO 571000 --- [http-nio-8080-exec-1] (system) o.a.c.c.C.[Tomcat].[localhost].[/]       : Initializing Spring DispatcherServlet 'dispatcherServlet'
2024-06-11 15:06:01.187  INFO 571000 --- [http-nio-8080-exec-1] (system) o.s.web.servlet.DispatcherServlet        : Initializing Servlet 'dispatcherServlet'
2024-06-11 15:06:01.188  INFO 571000 --- [http-nio-8080-exec-1] (system) o.s.web.servlet.DispatcherServlet        : Completed initialization in 1 ms
2024-06-11 15:06:01.620  INFO 571000 --- [http-nio-8080-exec-1] (113253134540869632) com.example.filter.RequestLogFilter      : 请求URL: "/api/auth/login" (POST) | 远程IP地址: 0:0:0:0:0:0:0:1 │ 身份: 未验证 | 请求参数列表: {"username":"driac","password":"123456"}
2024-06-11 15:06:01.841  INFO 571000 --- [http-nio-8080-exec-1] (113253134540869632) com.zaxxer.hikari.HikariDataSource       : HikariPool-1 - Starting...
2024-06-11 15:06:02.056  INFO 571000 --- [http-nio-8080-exec-1] (113253134540869632) com.zaxxer.hikari.pool.HikariPool        : HikariPool-1 - Added connection com.mysql.cj.jdbc.ConnectionImpl@62fe44a9
2024-06-11 15:06:02.057  INFO 571000 --- [http-nio-8080-exec-1] (113253134540869632) com.zaxxer.hikari.HikariDataSource       : HikariPool-1 - Start completed.
2024-06-11 15:06:02.197  INFO 571000 --- [http-nio-8080-exec-1] (113253134540869632) com.example.filter.RequestLogFilter      : 请求处理耗时: 579ms | 响应结果: {"code":200,"data":{"expire":"2024-06-14 15:06:02.177","role":"user","token":"eyJ0eXAiOiJKV1QiLCJhbGciOiJIUzI1NiJ9.eyJuYW1lIjoiZHJpYWMiLCJpZCI6MiwiZXhwIjoxNzE4MzQ4NzYyLCJpYXQiOjE3MTgwODk1NjIsImp0aSI6IjgzOGM2YzEyLWMyN2UtNGZjOS1iN2M5LTZlNmNmNDcxNjgyMyIsImF1dGhvcml0aWVzIjpbIlJPTEVfdXNlciJdfQ.wOWkUH6S1j3Ed1B4Zj7rmtVbcGG7ZUuJtCX_6f1qZUM","username":"driac"},"id":113253134540869632,"message":"请求成功"}
2024-06-11 15:09:53.664  INFO 571000 --- [http-nio-8080-exec-4] (113254107812335616) com.example.filter.RequestLogFilter      : 请求URL: "/socket/driac" (GET) | 远程IP地址: 0:0:0:0:0:0:0:1 │ 身份: 未验证 | 请求参数列表: {}
2024-06-11 15:09:53.694  INFO 571000 --- [http-nio-8080-exec-4] (113254107812335616) com.example.filter.RequestLogFilter      : 请求处理耗时: 30ms | 响应结果: 101 错误
2024-06-11 15:10:12.975  INFO 571000 --- [http-nio-8080-exec-5] (113254188808540160) com.example.filter.RequestLogFilter      : 请求URL: "/socket/driac" (GET) | 远程IP地址: 0:0:0:0:0:0:0:1 │ 身份: 未验证 | 请求参数列表: {}
2024-06-11 15:10:12.977  INFO 571000 --- [http-nio-8080-exec-5] (113254188808540160) com.example.filter.RequestLogFilter      : 请求处理耗时: 2ms | 响应结果: 101 错误
2024-06-11 15:10:28.847  INFO 571000 --- [http-nio-8080-exec-3] (113254255380533248) com.example.filter.RequestLogFilter      : 请求URL: "/socket/driac" (GET) | 远程IP地址: 0:0:0:0:0:0:0:1 │ 身份: 未验证 | 请求参数列表: {}
2024-06-11 15:10:28.848  INFO 571000 --- [http-nio-8080-exec-3] (113254255380533248) com.example.filter.RequestLogFilter      : 请求处理耗时: 1ms | 响应结果: 101 错误
2024-06-11 15:10:38.722  INFO 571000 --- [http-nio-8080-exec-9] (113254296795090944) com.example.filter.RequestLogFilter      : 请求URL: "/socket/driac" (GET) | 远程IP地址: 0:0:0:0:0:0:0:1 │ 身份: 未验证 | 请求参数列表: {}
2024-06-11 15:10:38.723  INFO 571000 --- [http-nio-8080-exec-9] (113254296795090944) com.example.filter.RequestLogFilter      : 请求处理耗时: 2ms | 响应结果: 101 错误
2024-06-11 15:10:42.506  INFO 571000 --- [http-nio-8080-exec-1] (113254312670531584) com.example.filter.RequestLogFilter      : 请求URL: "/socket/driac" (GET) | 远程IP地址: 0:0:0:0:0:0:0:1 │ 身份: 未验证 | 请求参数列表: {}
2024-06-11 15:10:42.508  INFO 571000 --- [http-nio-8080-exec-1] (113254312670531584) com.example.filter.RequestLogFilter      : 请求处理耗时: 2ms | 响应结果: 101 错误
2024-06-11 15:10:44.803  INFO 571000 --- [http-nio-8080-exec-2] (113254322304847872) com.example.filter.RequestLogFilter      : 请求URL: "/api/auth/logout" (OPTIONS) | 远程IP地址: 0:0:0:0:0:0:0:1 │ 身份: 未验证 | 请求参数列表: {}
2024-06-11 15:10:44.820  INFO 571000 --- [http-nio-8080-exec-2] (113254322304847872) com.example.filter.RequestLogFilter      : 请求处理耗时: 17ms | 响应结果: 
2024-06-11 15:10:51.312  INFO 571000 --- [http-nio-8080-exec-5] (113254349605572608) com.example.filter.RequestLogFilter      : 请求URL: "/api/auth/login" (POST) | 远程IP地址: 0:0:0:0:0:0:0:1 │ 身份: 未验证 | 请求参数列表: {"username":"driac","password":"123456"}
2024-06-11 15:10:51.386  INFO 571000 --- [http-nio-8080-exec-5] (113254349605572608) com.example.filter.RequestLogFilter      : 请求处理耗时: 74ms | 响应结果: {"code":200,"data":{"expire":"2024-06-14 15:10:51.386","role":"user","token":"eyJ0eXAiOiJKV1QiLCJhbGciOiJIUzI1NiJ9.eyJuYW1lIjoiZHJpYWMiLCJpZCI6MiwiZXhwIjoxNzE4MzQ5MDUxLCJpYXQiOjE3MTgwODk4NTEsImp0aSI6Ijc2YzI3ZDhlLWRhNGYtNDg1Yy05ZmFlLTcwNzkyYzgxNDMyNCIsImF1dGhvcml0aWVzIjpbIlJPTEVfdXNlciJdfQ.iWRUUcq62Dto75kAgi71TjIjlVCqt0_hxxabMQCLLyU","username":"driac"},"id":113254349605572608,"message":"请求成功"}
2024-06-11 15:10:51.454  INFO 571000 --- [http-nio-8080-exec-3] (113254350201163776) com.example.filter.RequestLogFilter      : 请求URL: "/socket/driac" (GET) | 远程IP地址: 0:0:0:0:0:0:0:1 │ 身份: 未验证 | 请求参数列表: {}
2024-06-11 15:10:51.455  INFO 571000 --- [http-nio-8080-exec-3] (113254350201163776) com.example.filter.RequestLogFilter      : 请求处理耗时: 1ms | 响应结果: 101 错误
2024-06-11 15:11:16.941  INFO 571000 --- [http-nio-8080-exec-7] (113254457101389824) com.example.filter.RequestLogFilter      : 请求URL: "/socket/driac" (GET) | 远程IP地址: 0:0:0:0:0:0:0:1 │ 身份: 未验证 | 请求参数列表: {}
2024-06-11 15:11:16.943  INFO 571000 --- [http-nio-8080-exec-7] (113254457101389824) com.example.filter.RequestLogFilter      : 请求处理耗时: 2ms | 响应结果: 101 错误
2024-06-11 15:30:56.513  INFO 571000 --- [http-nio-8080-exec-1] (113259404584947712) com.example.filter.RequestLogFilter      : 请求URL: "/socket/driac" (GET) | 远程IP地址: 0:0:0:0:0:0:0:1 │ 身份: 未验证 | 请求参数列表: {}
2024-06-11 15:30:56.515  INFO 571000 --- [http-nio-8080-exec-1] (113259404584947712) com.example.filter.RequestLogFilter      : 请求处理耗时: 2ms | 响应结果: 101 错误
2024-06-11 15:32:18.048  INFO 571000 --- [http-nio-8080-exec-2] (113259746567524352) com.example.filter.RequestLogFilter      : 请求URL: "/api/auth/login" (POST) | 远程IP地址: 0:0:0:0:0:0:0:1 │ 身份: 未验证 | 请求参数列表: {"username":"driac","password":"123456"}
2024-06-11 15:32:18.119  INFO 571000 --- [http-nio-8080-exec-2] (113259746567524352) com.example.filter.RequestLogFilter      : 请求处理耗时: 71ms | 响应结果: {"code":200,"data":{"expire":"2024-06-14 15:32:18.118","role":"user","token":"eyJ0eXAiOiJKV1QiLCJhbGciOiJIUzI1NiJ9.eyJuYW1lIjoiZHJpYWMiLCJpZCI6MiwiZXhwIjoxNzE4MzUwMzM4LCJpYXQiOjE3MTgwOTExMzgsImp0aSI6IjhiZGRlYWNhLWM1MWYtNDRmOC1iYjY3LTBkMDZjNzc3YzUyOCIsImF1dGhvcml0aWVzIjpbIlJPTEVfdXNlciJdfQ.xg3UO-sfBYfgplRUiECRExjgZQ_mITSQ8J1gBQPolqA","username":"driac"},"id":113259746567524352,"message":"请求成功"}
2024-06-11 15:32:19.578  INFO 571000 --- [http-nio-8080-exec-4] (113259752984809472) com.example.filter.RequestLogFilter      : 请求URL: "/socket/driac" (GET) | 远程IP地址: 0:0:0:0:0:0:0:1 │ 身份: 未验证 | 请求参数列表: {}
2024-06-11 15:32:19.579  INFO 571000 --- [http-nio-8080-exec-4] (113259752984809472) com.example.filter.RequestLogFilter      : 请求处理耗时: 1ms | 响应结果: 101 错误
2024-06-11 15:32:28.932  INFO 571000 --- [http-nio-8080-exec-3] (113259792218329088) com.example.filter.RequestLogFilter      : 请求URL: "/socket/driac" (GET) | 远程IP地址: 0:0:0:0:0:0:0:1 │ 身份: 未验证 | 请求参数列表: {}
2024-06-11 15:32:28.933  INFO 571000 --- [http-nio-8080-exec-3] (113259792218329088) com.example.filter.RequestLogFilter      : 请求处理耗时: 1ms | 响应结果: 101 错误
2024-06-11 15:33:33.509  INFO 571000 --- [http-nio-8080-exec-6] (113260063073898496) com.example.filter.RequestLogFilter      : 请求URL: "/socket/driac" (GET) | 远程IP地址: 0:0:0:0:0:0:0:1 │ 身份: 未验证 | 请求参数列表: {}
2024-06-11 15:33:33.510  INFO 571000 --- [http-nio-8080-exec-6] (113260063073898496) com.example.filter.RequestLogFilter      : 请求处理耗时: 1ms | 响应结果: 101 错误
2024-06-11 15:34:50.046  INFO 571000 --- [http-nio-8080-exec-7] (113260384093343744) com.example.filter.RequestLogFilter      : 请求URL: "/socket/driac" (GET) | 远程IP地址: 0:0:0:0:0:0:0:1 │ 身份: 未验证 | 请求参数列表: {}
2024-06-11 15:34:50.047  INFO 571000 --- [http-nio-8080-exec-7] (113260384093343744) com.example.filter.RequestLogFilter      : 请求处理耗时: 1ms | 响应结果: 101 错误
2024-06-11 15:34:53.059  INFO 571000 --- [http-nio-8080-exec-2] (113260396730781696) com.example.filter.RequestLogFilter      : 请求URL: "/socket/driac" (GET) | 远程IP地址: 0:0:0:0:0:0:0:1 │ 身份: 未验证 | 请求参数列表: {}
2024-06-11 15:34:53.060  INFO 571000 --- [http-nio-8080-exec-2] (113260396730781696) com.example.filter.RequestLogFilter      : 请求处理耗时: 1ms | 响应结果: 101 错误
2024-06-11 15:34:56.512  INFO 571000 --- [http-nio-8080-exec-5] (113260411213713408) com.example.filter.RequestLogFilter      : 请求URL: "/socket/driac" (GET) | 远程IP地址: 0:0:0:0:0:0:0:1 │ 身份: 未验证 | 请求参数列表: {}
2024-06-11 15:34:56.513  INFO 571000 --- [http-nio-8080-exec-5] (113260411213713408) com.example.filter.RequestLogFilter      : 请求处理耗时: 1ms | 响应结果: 101 错误
2024-06-11 15:35:13.194  INFO 571000 --- [http-nio-8080-exec-3] (113260481183092736) com.example.filter.RequestLogFilter      : 请求URL: "/socket/driac" (GET) | 远程IP地址: 0:0:0:0:0:0:0:1 │ 身份: 未验证 | 请求参数列表: {}
2024-06-11 15:35:13.196  INFO 571000 --- [http-nio-8080-exec-3] (113260481183092736) com.example.filter.RequestLogFilter      : 请求处理耗时: 2ms | 响应结果: 101 错误
2024-06-11 15:35:22.215  INFO 571000 --- [http-nio-8080-exec-7] (113260519019909120) com.example.filter.RequestLogFilter      : 请求URL: "/socket/driac" (GET) | 远程IP地址: 0:0:0:0:0:0:0:1 │ 身份: 未验证 | 请求参数列表: {}
2024-06-11 15:35:22.216  INFO 571000 --- [http-nio-8080-exec-7] (113260519019909120) com.example.filter.RequestLogFilter      : 请求处理耗时: 1ms | 响应结果: 101 错误
2024-06-11 15:35:26.323  INFO 571000 --- [http-nio-8080-exec-10] (113260536250109952) com.example.filter.RequestLogFilter      : 请求URL: "/api/auth/logout" (OPTIONS) | 远程IP地址: 0:0:0:0:0:0:0:1 │ 身份: 未验证 | 请求参数列表: {}
2024-06-11 15:35:26.325  INFO 571000 --- [http-nio-8080-exec-10] (113260536250109952) com.example.filter.RequestLogFilter      : 请求处理耗时: 2ms | 响应结果: 
2024-06-11 15:38:28.212  INFO 571000 --- [http-nio-8080-exec-4] (113261299147870208) com.example.filter.RequestLogFilter      : 请求URL: "/api/auth/login" (POST) | 远程IP地址: 0:0:0:0:0:0:0:1 │ 身份: 未验证 | 请求参数列表: {"username":"driac","password":"123456"}
2024-06-11 15:38:28.283  INFO 571000 --- [http-nio-8080-exec-4] (113261299147870208) com.example.filter.RequestLogFilter      : 请求处理耗时: 71ms | 响应结果: {"code":200,"data":{"expire":"2024-06-14 15:38:28.282","role":"user","token":"eyJ0eXAiOiJKV1QiLCJhbGciOiJIUzI1NiJ9.eyJuYW1lIjoiZHJpYWMiLCJpZCI6MiwiZXhwIjoxNzE4MzUwNzA4LCJpYXQiOjE3MTgwOTE1MDgsImp0aSI6IjAzZjYyMGViLTc4ZTUtNDJhNy04ZTIwLWVmOTgzYWUyZDUzNSIsImF1dGhvcml0aWVzIjpbIlJPTEVfdXNlciJdfQ.IYvIDGuWtnbSPExz2gilhozpoVNgUISc_L4-OXf8n5s","username":"driac"},"id":113261299147870208,"message":"请求成功"}
2024-06-11 15:38:28.798  INFO 571000 --- [http-nio-8080-exec-5] (113261301605732352) com.example.filter.RequestLogFilter      : 请求URL: "/socket/driac" (GET) | 远程IP地址: 0:0:0:0:0:0:0:1 │ 身份: 未验证 | 请求参数列表: {}
2024-06-11 15:38:28.799  INFO 571000 --- [http-nio-8080-exec-5] (113261301605732352) com.example.filter.RequestLogFilter      : 请求处理耗时: 1ms | 响应结果: 101 错误
2024-06-11 15:50:02.196  INFO 571000 --- [http-nio-8080-exec-8] (113264209927737344) com.example.filter.RequestLogFilter      : 请求URL: "/api/auth/logout" (OPTIONS) | 远程IP地址: 0:0:0:0:0:0:0:1 │ 身份: 未验证 | 请求参数列表: {}
2024-06-11 15:50:02.198  INFO 571000 --- [http-nio-8080-exec-8] (113264209927737344) com.example.filter.RequestLogFilter      : 请求处理耗时: 2ms | 响应结果: 
2024-06-11 15:50:15.255  INFO 571000 --- [http-nio-8080-exec-7] (113264264701153280) com.example.filter.RequestLogFilter      : 请求URL: "/api/auth/login" (POST) | 远程IP地址: 0:0:0:0:0:0:0:1 │ 身份: 未验证 | 请求参数列表: {"username":"driac","password":"123456"}
2024-06-11 15:50:15.325  INFO 571000 --- [http-nio-8080-exec-7] (113264264701153280) com.example.filter.RequestLogFilter      : 请求处理耗时: 70ms | 响应结果: {"code":200,"data":{"expire":"2024-06-14 15:50:15.325","role":"user","token":"eyJ0eXAiOiJKV1QiLCJhbGciOiJIUzI1NiJ9.eyJuYW1lIjoiZHJpYWMiLCJpZCI6MiwiZXhwIjoxNzE4MzUxNDE1LCJpYXQiOjE3MTgwOTIyMTUsImp0aSI6IjA0OTdkYTZmLWRiYWEtNGM5Mi1iNzY1LTI1NzUzMTA2Mjk2OSIsImF1dGhvcml0aWVzIjpbIlJPTEVfdXNlciJdfQ.4s8w5_wa3xnJ3oEpfBrf76O8n39LU3GNog5tRRtCQiY","username":"driac"},"id":113264264701153280,"message":"请求成功"}
2024-06-11 15:50:15.397  INFO 571000 --- [http-nio-8080-exec-10] (113264265296744448) com.example.filter.RequestLogFilter      : 请求URL: "/socket/driac" (GET) | 远程IP地址: 0:0:0:0:0:0:0:1 │ 身份: 未验证 | 请求参数列表: {}
2024-06-11 15:50:15.399  INFO 571000 --- [http-nio-8080-exec-10] (113264265296744448) com.example.filter.RequestLogFilter      : 请求处理耗时: 1ms | 响应结果: 101 错误
2024-06-11 15:50:23.085  INFO 571000 --- [http-nio-8080-exec-2] (113264297542553600) com.example.filter.RequestLogFilter      : 请求URL: "/socket/driac" (GET) | 远程IP地址: 0:0:0:0:0:0:0:1 │ 身份: 未验证 | 请求参数列表: {}
2024-06-11 15:50:23.086  INFO 571000 --- [http-nio-8080-exec-2] (113264297542553600) com.example.filter.RequestLogFilter      : 请求处理耗时: 1ms | 响应结果: 101 错误
2024-06-11 15:50:36.178  INFO 571000 --- [http-nio-8080-exec-4] (113264352458575872) com.example.filter.RequestLogFilter      : 请求URL: "/socket/driac" (GET) | 远程IP地址: 0:0:0:0:0:0:0:1 │ 身份: 未验证 | 请求参数列表: {}
2024-06-11 15:50:36.179  INFO 571000 --- [http-nio-8080-exec-4] (113264352458575872) com.example.filter.RequestLogFilter      : 请求处理耗时: 1ms | 响应结果: 101 错误
2024-06-11 15:56:43.672  INFO 571000 --- [http-nio-8080-exec-6] (113265893840130048) com.example.filter.RequestLogFilter      : 请求URL: "/socket/driac" (GET) | 远程IP地址: 0:0:0:0:0:0:0:1 │ 身份: 未验证 | 请求参数列表: {}
2024-06-11 15:56:43.674  INFO 571000 --- [http-nio-8080-exec-6] (113265893840130048) com.example.filter.RequestLogFilter      : 请求处理耗时: 2ms | 响应结果: 101 错误
2024-06-11 15:57:20.544  INFO 571000 --- [http-nio-8080-exec-10] (113266048492507136) com.example.filter.RequestLogFilter      : 请求URL: "/socket/driac" (GET) | 远程IP地址: 0:0:0:0:0:0:0:1 │ 身份: 未验证 | 请求参数列表: {}
2024-06-11 15:57:20.545  INFO 571000 --- [http-nio-8080-exec-10] (113266048492507136) com.example.filter.RequestLogFilter      : 请求处理耗时: 1ms | 响应结果: 101 错误
2024-06-11 15:57:58.597  INFO 571000 --- [http-nio-8080-exec-9] (113266208094162944) com.example.filter.RequestLogFilter      : 请求URL: "/socket/driac" (GET) | 远程IP地址: 0:0:0:0:0:0:0:1 │ 身份: 未验证 | 请求参数列表: {}
2024-06-11 15:57:58.598  INFO 571000 --- [http-nio-8080-exec-9] (113266208094162944) com.example.filter.RequestLogFilter      : 请求处理耗时: 2ms | 响应结果: 101 错误
2024-06-11 15:58:14.139  INFO 571000 --- [http-nio-8080-exec-4] (113266273286230016) com.example.filter.RequestLogFilter      : 请求URL: "/socket/driac" (GET) | 远程IP地址: 0:0:0:0:0:0:0:1 │ 身份: 未验证 | 请求参数列表: {}
2024-06-11 15:58:14.140  INFO 571000 --- [http-nio-8080-exec-4] (113266273286230016) com.example.filter.RequestLogFilter      : 请求处理耗时: 1ms | 响应结果: 101 错误
2024-06-11 15:59:45.122  INFO 571000 --- [http-nio-8080-exec-8] (113266654896590848) com.example.filter.RequestLogFilter      : 请求URL: "/socket/driac" (GET) | 远程IP地址: 0:0:0:0:0:0:0:1 │ 身份: 未验证 | 请求参数列表: {}
2024-06-11 15:59:45.124  INFO 571000 --- [http-nio-8080-exec-8] (113266654896590848) com.example.filter.RequestLogFilter      : 请求处理耗时: 2ms | 响应结果: 101 错误
2024-06-11 15:59:50.678  INFO 571000 --- [http-nio-8080-exec-6] (113266678200143872) com.example.filter.RequestLogFilter      : 请求URL: "/socket/driac" (GET) | 远程IP地址: 0:0:0:0:0:0:0:1 │ 身份: 未验证 | 请求参数列表: {}
2024-06-11 15:59:50.684  INFO 571000 --- [http-nio-8080-exec-6] (113266678200143872) com.example.filter.RequestLogFilter      : 请求处理耗时: 6ms | 响应结果: 101 错误
2024-06-11 16:02:27.567  INFO 571000 --- [http-nio-8080-exec-1] (113267336240304128) com.example.filter.RequestLogFilter      : 请求URL: "/socket/driac" (GET) | 远程IP地址: 0:0:0:0:0:0:0:1 │ 身份: 未验证 | 请求参数列表: {}
2024-06-11 16:02:27.569  INFO 571000 --- [http-nio-8080-exec-1] (113267336240304128) com.example.filter.RequestLogFilter      : 请求处理耗时: 2ms | 响应结果: 101 错误
2024-06-11 16:02:27.614  INFO 571000 --- [http-nio-8080-exec-9] (113267336437436416) com.example.filter.RequestLogFilter      : 请求URL: "/socket/driac" (GET) | 远程IP地址: 0:0:0:0:0:0:0:1 │ 身份: 未验证 | 请求参数列表: {}
2024-06-11 16:02:27.616  INFO 571000 --- [http-nio-8080-exec-9] (113267336437436416) com.example.filter.RequestLogFilter      : 请求处理耗时: 2ms | 响应结果: 101 错误
2024-06-11 16:02:32.398  INFO 571000 --- [http-nio-8080-exec-5] (113267356502986752) com.example.filter.RequestLogFilter      : 请求URL: "/socket/driac" (GET) | 远程IP地址: 0:0:0:0:0:0:0:1 │ 身份: 未验证 | 请求参数列表: {}
2024-06-11 16:02:32.399  INFO 571000 --- [http-nio-8080-exec-5] (113267356502986752) com.example.filter.RequestLogFilter      : 请求处理耗时: 1ms | 响应结果: 101 错误
2024-06-11 16:02:32.418  INFO 571000 --- [http-nio-8080-exec-8] (113267356582678528) com.example.filter.RequestLogFilter      : 请求URL: "/socket/driac" (GET) | 远程IP地址: 0:0:0:0:0:0:0:1 │ 身份: 未验证 | 请求参数列表: {}
2024-06-11 16:02:32.418  INFO 571000 --- [http-nio-8080-exec-8] (113267356582678528) com.example.filter.RequestLogFilter      : 请求处理耗时: 1ms | 响应结果: 101 错误
2024-06-11 16:02:43.559  INFO 571000 --- [http-nio-8080-exec-7] (113267403315613696) com.example.filter.RequestLogFilter      : 请求URL: "/socket/driac" (GET) | 远程IP地址: 0:0:0:0:0:0:0:1 │ 身份: 未验证 | 请求参数列表: {}
2024-06-11 16:02:43.560  INFO 571000 --- [http-nio-8080-exec-7] (113267403315613696) com.example.filter.RequestLogFilter      : 请求处理耗时: 1ms | 响应结果: 101 错误
2024-06-11 16:02:43.592  INFO 571000 --- [http-nio-8080-exec-10] (113267403454025728) com.example.filter.RequestLogFilter      : 请求URL: "/socket/driac" (GET) | 远程IP地址: 0:0:0:0:0:0:0:1 │ 身份: 未验证 | 请求参数列表: {}
2024-06-11 16:02:43.593  INFO 571000 --- [http-nio-8080-exec-10] (113267403454025728) com.example.filter.RequestLogFilter      : 请求处理耗时: 1ms | 响应结果: 101 错误
2024-06-11 16:02:49.465  INFO 571000 --- [http-nio-8080-exec-2] (113267428087173120) com.example.filter.RequestLogFilter      : 请求URL: "/socket/driac" (GET) | 远程IP地址: 0:0:0:0:0:0:0:1 │ 身份: 未验证 | 请求参数列表: {}
2024-06-11 16:02:49.466  INFO 571000 --- [http-nio-8080-exec-2] (113267428087173120) com.example.filter.RequestLogFilter      : 请求处理耗时: 1ms | 响应结果: 101 错误
2024-06-11 16:02:49.482  INFO 571000 --- [http-nio-8080-exec-4] (113267428158476288) com.example.filter.RequestLogFilter      : 请求URL: "/socket/driac" (GET) | 远程IP地址: 0:0:0:0:0:0:0:1 │ 身份: 未验证 | 请求参数列表: {}
2024-06-11 16:02:49.484  INFO 571000 --- [http-nio-8080-exec-4] (113267428158476288) com.example.filter.RequestLogFilter      : 请求处理耗时: 2ms | 响应结果: 101 错误
2024-06-11 16:02:53.664  INFO 571000 --- [http-nio-8080-exec-3] (113267445699055616) com.example.filter.RequestLogFilter      : 请求URL: "/socket/driac" (GET) | 远程IP地址: 0:0:0:0:0:0:0:1 │ 身份: 未验证 | 请求参数列表: {}
2024-06-11 16:02:53.665  INFO 571000 --- [http-nio-8080-exec-3] (113267445699055616) com.example.filter.RequestLogFilter      : 请求处理耗时: 1ms | 响应结果: 101 错误
2024-06-11 16:02:53.684  INFO 571000 --- [http-nio-8080-exec-6] (113267445782941696) com.example.filter.RequestLogFilter      : 请求URL: "/socket/driac" (GET) | 远程IP地址: 0:0:0:0:0:0:0:1 │ 身份: 未验证 | 请求参数列表: {}
2024-06-11 16:02:53.685  INFO 571000 --- [http-nio-8080-exec-6] (113267445782941696) com.example.filter.RequestLogFilter      : 请求处理耗时: 1ms | 响应结果: 101 错误
2024-06-11 16:03:05.788  INFO 571000 --- [http-nio-8080-exec-1] (113267496550797312) com.example.filter.RequestLogFilter      : 请求URL: "/socket/driac" (GET) | 远程IP地址: 0:0:0:0:0:0:0:1 │ 身份: 未验证 | 请求参数列表: {}
2024-06-11 16:03:05.790  INFO 571000 --- [http-nio-8080-exec-1] (113267496550797312) com.example.filter.RequestLogFilter      : 请求处理耗时: 2ms | 响应结果: 101 错误
2024-06-11 16:03:05.862  INFO 571000 --- [http-nio-8080-exec-9] (113267496861175808) com.example.filter.RequestLogFilter      : 请求URL: "/socket/driac" (GET) | 远程IP地址: 0:0:0:0:0:0:0:1 │ 身份: 未验证 | 请求参数列表: {}
2024-06-11 16:03:05.863  INFO 571000 --- [http-nio-8080-exec-9] (113267496861175808) com.example.filter.RequestLogFilter      : 请求处理耗时: 1ms | 响应结果: 101 错误
2024-06-11 16:03:09.314  INFO 571000 --- [http-nio-8080-exec-4] (113267511339913216) com.example.filter.RequestLogFilter      : 请求URL: "/socket/driac" (GET) | 远程IP地址: 0:0:0:0:0:0:0:1 │ 身份: 未验证 | 请求参数列表: {}
2024-06-11 16:03:09.315  INFO 571000 --- [http-nio-8080-exec-4] (113267511339913216) com.example.filter.RequestLogFilter      : 请求处理耗时: 1ms | 响应结果: 101 错误
2024-06-11 16:03:30.724  INFO 571000 --- [http-nio-8080-exec-5] (113267601139961856) com.example.filter.RequestLogFilter      : 请求URL: "/socket/driac" (GET) | 远程IP地址: 0:0:0:0:0:0:0:1 │ 身份: 未验证 | 请求参数列表: {}
2024-06-11 16:03:30.725  INFO 571000 --- [http-nio-8080-exec-5] (113267601139961856) com.example.filter.RequestLogFilter      : 请求处理耗时: 1ms | 响应结果: 101 错误
2024-06-11 16:03:30.744  INFO 571000 --- [http-nio-8080-exec-8] (113267601223847936) com.example.filter.RequestLogFilter      : 请求URL: "/socket/driac" (GET) | 远程IP地址: 0:0:0:0:0:0:0:1 │ 身份: 未验证 | 请求参数列表: {}
2024-06-11 16:03:30.745  INFO 571000 --- [http-nio-8080-exec-8] (113267601223847936) com.example.filter.RequestLogFilter      : 请求处理耗时: 1ms | 响应结果: 101 错误
2024-06-11 16:03:42.808  INFO 571000 --- [http-nio-8080-exec-7] (113267651823931392) com.example.filter.RequestLogFilter      : 请求URL: "/socket/driac" (GET) | 远程IP地址: 0:0:0:0:0:0:0:1 │ 身份: 未验证 | 请求参数列表: {}
2024-06-11 16:03:42.809  INFO 571000 --- [http-nio-8080-exec-7] (113267651823931392) com.example.filter.RequestLogFilter      : 请求处理耗时: 1ms | 响应结果: 101 错误
2024-06-11 16:03:44.077  INFO 571000 --- [http-nio-8080-exec-1] (113267657146503168) com.example.filter.RequestLogFilter      : 请求URL: "/socket/driac" (GET) | 远程IP地址: 0:0:0:0:0:0:0:1 │ 身份: 未验证 | 请求参数列表: {}
2024-06-11 16:03:44.078  INFO 571000 --- [http-nio-8080-exec-1] (113267657146503168) com.example.filter.RequestLogFilter      : 请求处理耗时: 1ms | 响应结果: 101 错误
2024-06-11 16:08:41.888  INFO 571000 --- [http-nio-8080-exec-2] (113268906256371712) com.example.filter.RequestLogFilter      : 请求URL: "/socket/driac" (GET) | 远程IP地址: 0:0:0:0:0:0:0:1 │ 身份: 未验证 | 请求参数列表: {}
2024-06-11 16:08:41.889  INFO 571000 --- [http-nio-8080-exec-2] (113268906256371712) com.example.filter.RequestLogFilter      : 请求处理耗时: 1ms | 响应结果: 101 错误
2024-06-11 16:09:59.245  INFO 571000 --- [http-nio-8080-exec-8] (113269230715146240) com.example.filter.RequestLogFilter      : 请求URL: "/socket/driac" (GET) | 远程IP地址: 0:0:0:0:0:0:0:1 │ 身份: 未验证 | 请求参数列表: {}
2024-06-11 16:09:59.246  INFO 571000 --- [http-nio-8080-exec-8] (113269230715146240) com.example.filter.RequestLogFilter      : 请求处理耗时: 1ms | 响应结果: 101 错误
2024-06-11 16:10:00.728  INFO 571000 --- [http-nio-8080-exec-6] (113269236935299072) com.example.filter.RequestLogFilter      : 请求URL: "/socket/driac" (GET) | 远程IP地址: 0:0:0:0:0:0:0:1 │ 身份: 未验证 | 请求参数列表: {}
2024-06-11 16:10:00.729  INFO 571000 --- [http-nio-8080-exec-6] (113269236935299072) com.example.filter.RequestLogFilter      : 请求处理耗时: 1ms | 响应结果: 101 错误
2024-06-11 16:20:51.813  INFO 571000 --- [org.springframework.amqp.rabbit.RabbitListenerEndpointContainer#0-2] (system) o.s.a.r.l.SimpleMessageListenerContainer : Waiting for workers to finish.
2024-06-11 16:20:52.155  INFO 571000 --- [org.springframework.amqp.rabbit.RabbitListenerEndpointContainer#0-2] (system) o.s.a.r.l.SimpleMessageListenerContainer : Successfully waited for workers to finish.
2024-06-11 16:20:52.200  INFO 571000 --- [SpringApplicationShutdownHook] (system) com.zaxxer.hikari.HikariDataSource       : HikariPool-1 - Shutdown initiated...
2024-06-11 16:20:52.206  INFO 571000 --- [SpringApplicationShutdownHook] (system) com.zaxxer.hikari.HikariDataSource       : HikariPool-1 - Shutdown completed.
2024-06-11 16:44:32.616  INFO 502980 --- [main] (system) c.example.MyProjectBackendApplication    : Starting MyProjectBackendApplication using Java 20.0.1 with PID 502980 (G:\project\web-demo\my-project-backend\target\classes started by sss in G:\project\web-demo\my-project-backend)
2024-06-11 16:44:32.618  INFO 502980 --- [main] (system) c.example.MyProjectBackendApplication    : The following 1 profile is active: "dev"
2024-06-11 16:44:33.482  INFO 502980 --- [main] (system) .s.d.r.c.RepositoryConfigurationDelegate : Multiple Spring Data modules found, entering strict repository configuration mode
2024-06-11 16:44:33.484  INFO 502980 --- [main] (system) .s.d.r.c.RepositoryConfigurationDelegate : Bootstrapping Spring Data Redis repositories in DEFAULT mode.
2024-06-11 16:44:33.503  INFO 502980 --- [main] (system) .s.d.r.c.RepositoryConfigurationDelegate : Finished Spring Data repository scanning in 8 ms. Found 0 Redis repository interfaces.
2024-06-11 16:44:33.992  INFO 502980 --- [main] (system) o.s.b.w.embedded.tomcat.TomcatWebServer  : Tomcat initialized with port(s): 8080 (http)
2024-06-11 16:44:33.999  INFO 502980 --- [main] (system) o.apache.catalina.core.StandardService   : Starting service [Tomcat]
2024-06-11 16:44:33.999  INFO 502980 --- [main] (system) o.apache.catalina.core.StandardEngine    : Starting Servlet engine: [Apache Tomcat/10.1.11]
2024-06-11 16:44:34.071  INFO 502980 --- [main] (system) o.a.c.c.C.[Tomcat].[localhost].[/]       : Initializing Spring embedded WebApplicationContext
2024-06-11 16:44:34.072  INFO 502980 --- [main] (system) w.s.c.ServletWebServerApplicationContext : Root WebApplicationContext: initialization completed in 1419 ms
2024-06-11 16:44:35.044  INFO 502980 --- [main] (system) o.s.s.web.DefaultSecurityFilterChain     : Will secure any request with [org.springframework.security.web.session.DisableEncodeUrlFilter@2d3d4a54, org.springframework.security.web.context.request.async.WebAsyncManagerIntegrationFilter@215c6ec0, org.springframework.security.web.context.SecurityContextHolderFilter@5f911d24, org.springframework.security.web.header.HeaderWriterFilter@612290d, org.springframework.security.web.authentication.logout.LogoutFilter@64f33dee, com.example.filter.JwtAuthenticationFilter@7ab33ca8, com.example.filter.RequestLogFilter@59933644, org.springframework.security.web.authentication.UsernamePasswordAuthenticationFilter@3e71a1f8, org.springframework.security.web.savedrequest.RequestCacheAwareFilter@33ccead, org.springframework.security.web.servletapi.SecurityContextHolderAwareRequestFilter@51b59d58, org.springframework.security.web.authentication.AnonymousAuthenticationFilter@2b19b346, org.springframework.security.web.session.SessionManagementFilter@2f39b534, org.springframework.security.web.access.ExceptionTranslationFilter@6ec2d990, org.springframework.security.web.access.intercept.AuthorizationFilter@46748b04]
2024-06-11 16:44:35.330  WARN 502980 --- [main] (system) ocalVariableTableParameterNameDiscoverer : Using deprecated '-debug' fallback for parameter name resolution. Compile the affected code with '-parameters' instead or avoid its introspection: org.springframework.amqp.rabbit.core.RabbitAdmin
2024-06-11 16:44:35.380  INFO 502980 --- [main] (system) o.s.b.w.embedded.tomcat.TomcatWebServer  : Tomcat started on port(s): 8080 (http) with context path ''
2024-06-11 16:44:35.383  INFO 502980 --- [main] (system) o.s.a.r.c.CachingConnectionFactory       : Attempting to connect to: [localhost:5672]
2024-06-11 16:44:35.425  INFO 502980 --- [main] (system) o.s.a.r.c.CachingConnectionFactory       : Created new connection: rabbitConnectionFactory#710afd47:0/SimpleConnection@6655f3cd [delegate=amqp://admin@127.0.0.1:5672/, localPort=50517]
2024-06-11 16:44:35.467  INFO 502980 --- [main] (system) c.example.MyProjectBackendApplication    : Started MyProjectBackendApplication in 3.343 seconds (process running for 4.06)
