2024-09-26 21:59:37.773  INFO 4160 --- [main] (system) c.example.MyProjectBackendApplication    : Starting MyProjectBackendApplication using Java 20.0.1 with PID 4160 (G:\project\projectList\web课设\课设demo\backend\target\classes started by sss in G:\project\projectList\web课设\课设demo\backend)
2024-09-26 21:59:37.774  INFO 4160 --- [main] (system) c.example.MyProjectBackendApplication    : The following 1 profile is active: "dev"
2024-09-26 21:59:38.525  INFO 4160 --- [main] (system) .s.d.r.c.RepositoryConfigurationDelegate : Multiple Spring Data modules found, entering strict repository configuration mode
2024-09-26 21:59:38.528  INFO 4160 --- [main] (system) .s.d.r.c.RepositoryConfigurationDelegate : Bootstrapping Spring Data Redis repositories in DEFAULT mode.
2024-09-26 21:59:38.553  INFO 4160 --- [main] (system) .s.d.r.c.RepositoryConfigurationDelegate : Finished Spring Data repository scanning in 11 ms. Found 0 Redis repository interfaces.
2024-09-26 21:59:39.148  INFO 4160 --- [main] (system) o.s.b.w.embedded.tomcat.TomcatWebServer  : Tomcat initialized with port(s): 8080 (http)
2024-09-26 21:59:39.156  INFO 4160 --- [main] (system) o.apache.catalina.core.StandardService   : Starting service [Tomcat]
2024-09-26 21:59:39.157  INFO 4160 --- [main] (system) o.apache.catalina.core.StandardEngine    : Starting Servlet engine: [Apache Tomcat/10.1.11]
2024-09-26 21:59:39.235  INFO 4160 --- [main] (system) o.a.c.c.C.[Tomcat].[localhost].[/]       : Initializing Spring embedded WebApplicationContext
2024-09-26 21:59:39.236  INFO 4160 --- [main] (system) w.s.c.ServletWebServerApplicationContext : Root WebApplicationContext: initialization completed in 1428 ms
2024-09-26 21:59:40.360  INFO 4160 --- [main] (system) o.s.s.web.DefaultSecurityFilterChain     : Will secure any request with [org.springframework.security.web.session.DisableEncodeUrlFilter@5f4df55e, org.springframework.security.web.context.request.async.WebAsyncManagerIntegrationFilter@72bce309, org.springframework.security.web.context.SecurityContextHolderFilter@5c0ece6d, org.springframework.security.web.header.HeaderWriterFilter@2e02cc37, org.springframework.security.web.authentication.logout.LogoutFilter@3a239dac, com.example.filter.JwtAuthenticationFilter@55044b34, com.example.filter.RequestLogFilter@78545d40, org.springframework.security.web.authentication.UsernamePasswordAuthenticationFilter@52a74328, org.springframework.security.web.savedrequest.RequestCacheAwareFilter@7affee54, org.springframework.security.web.servletapi.SecurityContextHolderAwareRequestFilter@43719e98, org.springframework.security.web.authentication.AnonymousAuthenticationFilter@f439e0f, org.springframework.security.web.session.SessionManagementFilter@652a1a17, org.springframework.security.web.access.ExceptionTranslationFilter@7f5e9949, org.springframework.security.web.access.intercept.AuthorizationFilter@2ab7f649]
2024-09-26 21:59:40.612  WARN 4160 --- [main] (system) c.b.m.core.metadata.TableInfoHelper      : Can not find table primary key in Class: "com.example.entity.dto.Message".
2024-09-26 21:59:40.612  WARN 4160 --- [main] (system) c.b.m.core.injector.DefaultSqlInjector   : class com.example.entity.dto.Message ,Not found @TableId annotation, Cannot use Mybatis-Plus 'xxById' Method.
2024-09-26 21:59:40.653  WARN 4160 --- [main] (system) ocalVariableTableParameterNameDiscoverer : Using deprecated '-debug' fallback for parameter name resolution. Compile the affected code with '-parameters' instead or avoid its introspection: org.springframework.amqp.rabbit.core.RabbitAdmin
2024-09-26 21:59:40.699  INFO 4160 --- [main] (system) o.s.b.w.embedded.tomcat.TomcatWebServer  : Tomcat started on port(s): 8080 (http) with context path ''
2024-09-26 21:59:40.702  INFO 4160 --- [main] (system) o.s.a.r.c.CachingConnectionFactory       : Attempting to connect to: [localhost:5672]
2024-09-26 21:59:40.751  INFO 4160 --- [main] (system) o.s.a.r.c.CachingConnectionFactory       : Created new connection: rabbitConnectionFactory#e7b0bec:0/SimpleConnection@d28a235 [delegate=amqp://admin@127.0.0.1:5672/, localPort=50689]
2024-09-26 21:59:40.791  INFO 4160 --- [main] (system) c.example.MyProjectBackendApplication    : Started MyProjectBackendApplication in 3.456 seconds (process running for 4.083)
2024-09-26 22:01:43.447  INFO 4160 --- [org.springframework.amqp.rabbit.RabbitListenerEndpointContainer#0-2] (system) o.s.a.r.l.SimpleMessageListenerContainer : Waiting for workers to finish.
2024-09-26 22:01:43.941  INFO 4160 --- [org.springframework.amqp.rabbit.RabbitListenerEndpointContainer#0-2] (system) o.s.a.r.l.SimpleMessageListenerContainer : Successfully waited for workers to finish.
