2024-06-12 08:27:01.873  INFO 502980 --- [http-nio-8080-exec-1] (system) o.a.c.c.C.[Tomcat].[localhost].[/]       : Initializing Spring DispatcherServlet 'dispatcherServlet'
2024-06-12 08:27:01.879  INFO 502980 --- [http-nio-8080-exec-1] (system) o.s.web.servlet.DispatcherServlet        : Initializing Servlet 'dispatcherServlet'
2024-06-12 08:27:01.898  INFO 502980 --- [http-nio-8080-exec-1] (system) o.s.web.servlet.DispatcherServlet        : Completed initialization in 18 ms
2024-06-12 08:27:02.373  INFO 502980 --- [http-nio-8080-exec-1] (113515113922826240) com.example.filter.RequestLogFilter      : 请求URL: "/api/auth/login" (POST) | 远程IP地址: 0:0:0:0:0:0:0:1 │ 身份: 未验证 | 请求参数列表: {"username":"driac","password":"123456"}
2024-06-12 08:27:02.641  INFO 502980 --- [http-nio-8080-exec-1] (113515113922826240) com.zaxxer.hikari.HikariDataSource       : HikariPool-1 - Starting...
2024-06-12 08:27:02.874  INFO 502980 --- [http-nio-8080-exec-1] (113515113922826240) com.zaxxer.hikari.pool.HikariPool        : HikariPool-1 - Added connection com.mysql.cj.jdbc.ConnectionImpl@c943b07
2024-06-12 08:27:02.875  INFO 502980 --- [http-nio-8080-exec-1] (113515113922826240) com.zaxxer.hikari.HikariDataSource       : HikariPool-1 - Start completed.
2024-06-12 08:27:03.036  INFO 502980 --- [http-nio-8080-exec-1] (113515113922826240) com.example.filter.RequestLogFilter      : 请求处理耗时: 666ms | 响应结果: {"code":200,"data":{"expire":"2024-06-15 08:27:03.013","role":"user","token":"eyJ0eXAiOiJKV1QiLCJhbGciOiJIUzI1NiJ9.eyJuYW1lIjoiZHJpYWMiLCJpZCI6MiwiZXhwIjoxNzE4NDExMjIyLCJpYXQiOjE3MTgxNTIwMjIsImp0aSI6IjBmZDk1Y2Y0LTMzZDEtNDNlNS1hZTNmLTY5ODU4ODRmOGZiZCIsImF1dGhvcml0aWVzIjpbIlJPTEVfdXNlciJdfQ.SXMgo2qVc-GrVlLbdqlT7TFVKNJkUQwKO3_nWPcZ5Es","username":"driac"},"id":113515113922826240,"message":"请求成功"}
2024-06-12 08:27:03.650  INFO 502980 --- [http-nio-8080-exec-2] (113515119287341056) com.example.filter.RequestLogFilter      : 请求URL: "/socket/driac" (GET) | 远程IP地址: 0:0:0:0:0:0:0:1 │ 身份: 未验证 | 请求参数列表: {}
2024-06-12 08:27:03.686  INFO 502980 --- [http-nio-8080-exec-2] (113515119287341056) com.example.filter.RequestLogFilter      : 请求处理耗时: 36ms | 响应结果: 101 错误
2024-06-12 08:27:56.319  INFO 502980 --- [http-nio-8080-exec-5] (113515340201332736) com.example.filter.RequestLogFilter      : 请求URL: "/socket/driac" (GET) | 远程IP地址: 0:0:0:0:0:0:0:1 │ 身份: 未验证 | 请求参数列表: {}
2024-06-12 08:27:56.320  INFO 502980 --- [http-nio-8080-exec-5] (113515340201332736) com.example.filter.RequestLogFilter      : 请求处理耗时: 1ms | 响应结果: 101 错误
2024-06-12 08:49:28.354  INFO 502980 --- [http-nio-8080-exec-8] (113520759388901376) com.example.filter.RequestLogFilter      : 请求URL: "/socket/driac" (GET) | 远程IP地址: 0:0:0:0:0:0:0:1 │ 身份: 未验证 | 请求参数列表: {}
2024-06-12 08:49:28.356  INFO 502980 --- [http-nio-8080-exec-8] (113520759388901376) com.example.filter.RequestLogFilter      : 请求处理耗时: 2ms | 响应结果: 101 错误
2024-06-12 08:50:04.514  INFO 502980 --- [http-nio-8080-exec-10] (113520911054934016) com.example.filter.RequestLogFilter      : 请求URL: "/socket/driac" (GET) | 远程IP地址: 0:0:0:0:0:0:0:1 │ 身份: 未验证 | 请求参数列表: {}
2024-06-12 08:50:04.516  INFO 502980 --- [http-nio-8080-exec-10] (113520911054934016) com.example.filter.RequestLogFilter      : 请求处理耗时: 2ms | 响应结果: 101 错误
2024-06-12 08:50:29.819  INFO 502980 --- [http-nio-8080-exec-2] (113521017191796736) com.example.filter.RequestLogFilter      : 请求URL: "/socket/driac" (GET) | 远程IP地址: 0:0:0:0:0:0:0:1 │ 身份: 未验证 | 请求参数列表: {}
2024-06-12 08:50:29.820  INFO 502980 --- [http-nio-8080-exec-2] (113521017191796736) com.example.filter.RequestLogFilter      : 请求处理耗时: 1ms | 响应结果: 101 错误
2024-06-12 08:53:13.802  INFO 502980 --- [http-nio-8080-exec-4] (113521704986349568) com.example.filter.RequestLogFilter      : 请求URL: "/socket/driac" (GET) | 远程IP地址: 0:0:0:0:0:0:0:1 │ 身份: 未验证 | 请求参数列表: {}
2024-06-12 08:53:13.804  INFO 502980 --- [http-nio-8080-exec-4] (113521704986349568) com.example.filter.RequestLogFilter      : 请求处理耗时: 2ms | 响应结果: 101 错误
2024-06-12 08:53:16.772  INFO 502980 --- [http-nio-8080-exec-6] (113521717443432448) com.example.filter.RequestLogFilter      : 请求URL: "/socket/driac" (GET) | 远程IP地址: 0:0:0:0:0:0:0:1 │ 身份: 未验证 | 请求参数列表: {}
2024-06-12 08:53:16.773  INFO 502980 --- [http-nio-8080-exec-6] (113521717443432448) com.example.filter.RequestLogFilter      : 请求处理耗时: 1ms | 响应结果: 101 错误
2024-06-12 08:53:17.540  INFO 502980 --- [http-nio-8080-exec-8] (113521720664657920) com.example.filter.RequestLogFilter      : 请求URL: "/socket/driac" (GET) | 远程IP地址: 0:0:0:0:0:0:0:1 │ 身份: 未验证 | 请求参数列表: {}
2024-06-12 08:53:17.542  INFO 502980 --- [http-nio-8080-exec-8] (113521720664657920) com.example.filter.RequestLogFilter      : 请求处理耗时: 2ms | 响应结果: 101 错误
2024-06-12 09:21:44.956  INFO 502980 --- [org.springframework.amqp.rabbit.RabbitListenerEndpointContainer#0-2] (system) o.s.a.r.l.SimpleMessageListenerContainer : Waiting for workers to finish.
2024-06-12 09:21:44.996  INFO 502980 --- [org.springframework.amqp.rabbit.RabbitListenerEndpointContainer#0-2] (system) o.s.a.r.l.SimpleMessageListenerContainer : Successfully waited for workers to finish.
2024-06-12 09:21:45.045  INFO 502980 --- [SpringApplicationShutdownHook] (system) com.zaxxer.hikari.HikariDataSource       : HikariPool-1 - Shutdown initiated...
2024-06-12 09:21:45.049  INFO 502980 --- [SpringApplicationShutdownHook] (system) com.zaxxer.hikari.HikariDataSource       : HikariPool-1 - Shutdown completed.
2024-06-12 16:06:13.485  INFO 569776 --- [main] (system) c.example.MyProjectBackendApplication    : Starting MyProjectBackendApplication using Java 20.0.1 with PID 569776 (G:\project\web-demo\my-project-backend\target\classes started by sss in G:\project\web-demo\my-project-backend)
2024-06-12 16:06:13.488  INFO 569776 --- [main] (system) c.example.MyProjectBackendApplication    : The following 1 profile is active: "dev"
2024-06-12 16:06:20.993  INFO 569776 --- [main] (system) .s.d.r.c.RepositoryConfigurationDelegate : Multiple Spring Data modules found, entering strict repository configuration mode
2024-06-12 16:06:20.998  INFO 569776 --- [main] (system) .s.d.r.c.RepositoryConfigurationDelegate : Bootstrapping Spring Data Redis repositories in DEFAULT mode.
2024-06-12 16:06:21.037  INFO 569776 --- [main] (system) .s.d.r.c.RepositoryConfigurationDelegate : Finished Spring Data repository scanning in 17 ms. Found 0 Redis repository interfaces.
2024-06-12 16:06:21.780  INFO 569776 --- [main] (system) o.s.b.w.embedded.tomcat.TomcatWebServer  : Tomcat initialized with port(s): 8080 (http)
2024-06-12 16:06:21.788  INFO 569776 --- [main] (system) o.apache.catalina.core.StandardService   : Starting service [Tomcat]
2024-06-12 16:06:21.788  INFO 569776 --- [main] (system) o.apache.catalina.core.StandardEngine    : Starting Servlet engine: [Apache Tomcat/10.1.11]
2024-06-12 16:06:21.865  INFO 569776 --- [main] (system) o.a.c.c.C.[Tomcat].[localhost].[/]       : Initializing Spring embedded WebApplicationContext
2024-06-12 16:06:21.865  INFO 569776 --- [main] (system) w.s.c.ServletWebServerApplicationContext : Root WebApplicationContext: initialization completed in 8321 ms
2024-06-12 16:06:22.979  INFO 569776 --- [main] (system) o.s.s.web.DefaultSecurityFilterChain     : Will secure any request with [org.springframework.security.web.session.DisableEncodeUrlFilter@3601549f, org.springframework.security.web.context.request.async.WebAsyncManagerIntegrationFilter@5b2c7186, org.springframework.security.web.context.SecurityContextHolderFilter@10ad95cd, org.springframework.security.web.header.HeaderWriterFilter@e4ef4c0, org.springframework.security.web.authentication.logout.LogoutFilter@4e789704, com.example.filter.JwtAuthenticationFilter@3c488b34, com.example.filter.RequestLogFilter@4e4d0a0b, org.springframework.security.web.authentication.UsernamePasswordAuthenticationFilter@456b140f, org.springframework.security.web.savedrequest.RequestCacheAwareFilter@32d8710a, org.springframework.security.web.servletapi.SecurityContextHolderAwareRequestFilter@10e4ee33, org.springframework.security.web.authentication.AnonymousAuthenticationFilter@1b9c716f, org.springframework.security.web.session.SessionManagementFilter@7b10472e, org.springframework.security.web.access.ExceptionTranslationFilter@6d695ec4, org.springframework.security.web.access.intercept.AuthorizationFilter@1835b783]
2024-06-12 16:06:23.246  WARN 569776 --- [main] (system) c.b.m.core.metadata.TableInfoHelper      : Can not find table primary key in Class: "com.example.entity.dto.Message".
2024-06-12 16:06:23.246  WARN 569776 --- [main] (system) c.b.m.core.injector.DefaultSqlInjector   : class com.example.entity.dto.Message ,Not found @TableId annotation, Cannot use Mybatis-Plus 'xxById' Method.
2024-06-12 16:06:23.289  WARN 569776 --- [main] (system) ocalVariableTableParameterNameDiscoverer : Using deprecated '-debug' fallback for parameter name resolution. Compile the affected code with '-parameters' instead or avoid its introspection: org.springframework.amqp.rabbit.core.RabbitAdmin
2024-06-12 16:06:23.342  INFO 569776 --- [main] (system) o.s.b.w.embedded.tomcat.TomcatWebServer  : Tomcat started on port(s): 8080 (http) with context path ''
2024-06-12 16:06:23.345  INFO 569776 --- [main] (system) o.s.a.r.c.CachingConnectionFactory       : Attempting to connect to: [localhost:5672]
2024-06-12 16:06:23.394  INFO 569776 --- [main] (system) o.s.a.r.c.CachingConnectionFactory       : Created new connection: rabbitConnectionFactory#5d96d434:0/SimpleConnection@ba27ce6 [delegate=amqp://admin@127.0.0.1:5672/, localPort=60398]
2024-06-12 16:06:23.436  INFO 569776 --- [main] (system) c.example.MyProjectBackendApplication    : Started MyProjectBackendApplication in 10.539 seconds (process running for 11.351)
2024-06-12 16:08:03.258  INFO 569776 --- [http-nio-8080-exec-1] (system) o.a.c.c.C.[Tomcat].[localhost].[/]       : Initializing Spring DispatcherServlet 'dispatcherServlet'
2024-06-12 16:08:03.258  INFO 569776 --- [http-nio-8080-exec-1] (system) o.s.web.servlet.DispatcherServlet        : Initializing Servlet 'dispatcherServlet'
2024-06-12 16:08:03.259  INFO 569776 --- [http-nio-8080-exec-1] (system) o.s.web.servlet.DispatcherServlet        : Completed initialization in 1 ms
2024-06-12 16:08:03.691  INFO 569776 --- [http-nio-8080-exec-1] (113631133903753216) com.example.filter.RequestLogFilter      : 请求URL: "/api/auth/login" (POST) | 远程IP地址: 0:0:0:0:0:0:0:1 │ 身份: 未验证 | 请求参数列表: {"username":"driac","password":"123456"}
2024-06-12 16:08:03.920  INFO 569776 --- [http-nio-8080-exec-1] (113631133903753216) com.zaxxer.hikari.HikariDataSource       : HikariPool-1 - Starting...
2024-06-12 16:08:04.168  INFO 569776 --- [http-nio-8080-exec-1] (113631133903753216) com.zaxxer.hikari.pool.HikariPool        : HikariPool-1 - Added connection com.mysql.cj.jdbc.ConnectionImpl@bfadf8e
2024-06-12 16:08:04.170  INFO 569776 --- [http-nio-8080-exec-1] (113631133903753216) com.zaxxer.hikari.HikariDataSource       : HikariPool-1 - Start completed.
2024-06-12 16:08:04.351  INFO 569776 --- [http-nio-8080-exec-1] (113631133903753216) com.example.filter.RequestLogFilter      : 请求处理耗时: 662ms | 响应结果: {"code":200,"data":{"expire":"2024-06-15 16:08:04.32","role":"user","token":"eyJ0eXAiOiJKV1QiLCJhbGciOiJIUzI1NiJ9.eyJuYW1lIjoiZHJpYWMiLCJpZCI6MiwiZXhwIjoxNzE4NDM4ODg0LCJpYXQiOjE3MTgxNzk2ODQsImp0aSI6ImJhOTk3YmJhLTBiYzctNDc2MC04N2RlLTgxNTQ4MTkzZjA2OSIsImF1dGhvcml0aWVzIjpbIlJPTEVfdXNlciJdfQ.Dvh3rJy2nwKyhOo9Alnx_Ia1T3uBK5yPzs6XMz4Xw3Q","username":"driac"},"id":113631133903753216,"message":"请求成功"}
2024-06-12 16:08:05.657  INFO 569776 --- [http-nio-8080-exec-2] (113631142158143488) com.example.filter.RequestLogFilter      : 请求URL: "/socket/driac" (GET) | 远程IP地址: 0:0:0:0:0:0:0:1 │ 身份: 未验证 | 请求参数列表: {}
2024-06-12 16:08:05.688  INFO 569776 --- [http-nio-8080-exec-2] (113631142158143488) com.example.filter.RequestLogFilter      : 请求处理耗时: 31ms | 响应结果: 101 错误
2024-06-12 16:08:17.868  INFO 569776 --- [http-nio-8080-exec-3] (113631193374789632) com.example.filter.RequestLogFilter      : 请求URL: "/api/auth/login" (POST) | 远程IP地址: 0:0:0:0:0:0:0:1 │ 身份: 未验证 | 请求参数列表: {"username":"admin","password":"123456"}
2024-06-12 16:08:17.947  INFO 569776 --- [http-nio-8080-exec-3] (113631193374789632) com.example.filter.RequestLogFilter      : 请求处理耗时: 79ms | 响应结果: {"code":200,"data":{"expire":"2024-06-15 16:08:17.946","role":"user","token":"eyJ0eXAiOiJKV1QiLCJhbGciOiJIUzI1NiJ9.eyJuYW1lIjoiYWRtaW4iLCJpZCI6MCwiZXhwIjoxNzE4NDM4ODk3LCJpYXQiOjE3MTgxNzk2OTcsImp0aSI6ImEwMTg0ZTQ3LTZlMGMtNDFlNy05YjgxLTY4MGNhOGI0N2ZmOCIsImF1dGhvcml0aWVzIjpbIlJPTEVfdXNlciJdfQ.L9KmQcRSLopnO1MKTtgwObzn_FPkP1Pr11g3iADfR4I","username":"admin"},"id":113631193374789632,"message":"请求成功"}
2024-06-12 16:08:18.364  INFO 569776 --- [http-nio-8080-exec-4] (113631195455164416) com.example.filter.RequestLogFilter      : 请求URL: "/socket/admin" (GET) | 远程IP地址: 0:0:0:0:0:0:0:1 │ 身份: 未验证 | 请求参数列表: {}
2024-06-12 16:08:18.366  INFO 569776 --- [http-nio-8080-exec-4] (113631195455164416) com.example.filter.RequestLogFilter      : 请求处理耗时: 2ms | 响应结果: 101 错误
2024-06-12 16:08:22.349  INFO 569776 --- [http-nio-8080-exec-6] (113631212169465856) com.example.filter.RequestLogFilter      : 请求URL: "/socket/admin" (GET) | 远程IP地址: 0:0:0:0:0:0:0:1 │ 身份: 未验证 | 请求参数列表: {}
2024-06-12 16:08:22.350  INFO 569776 --- [http-nio-8080-exec-6] (113631212169465856) com.example.filter.RequestLogFilter      : 请求处理耗时: 1ms | 响应结果: 101 错误
2024-06-12 16:08:24.639  INFO 569776 --- [http-nio-8080-exec-8] (113631221774422016) com.example.filter.RequestLogFilter      : 请求URL: "/socket/driac" (GET) | 远程IP地址: 0:0:0:0:0:0:0:1 │ 身份: 未验证 | 请求参数列表: {}
2024-06-12 16:08:24.640  INFO 569776 --- [http-nio-8080-exec-8] (113631221774422016) com.example.filter.RequestLogFilter      : 请求处理耗时: 1ms | 响应结果: 101 错误
2024-06-12 16:08:25.741  INFO 569776 --- [http-nio-8080-exec-10] (113631226396545024) com.example.filter.RequestLogFilter      : 请求URL: "/socket/driac" (GET) | 远程IP地址: 0:0:0:0:0:0:0:1 │ 身份: 未验证 | 请求参数列表: {}
2024-06-12 16:08:25.742  INFO 569776 --- [http-nio-8080-exec-10] (113631226396545024) com.example.filter.RequestLogFilter      : 请求处理耗时: 1ms | 响应结果: 101 错误
2024-06-12 16:08:57.838  INFO 569776 --- [http-nio-8080-exec-4] (113631361021120512) com.example.filter.RequestLogFilter      : 请求URL: "/socket/admin" (GET) | 远程IP地址: 0:0:0:0:0:0:0:1 │ 身份: 未验证 | 请求参数列表: {}
2024-06-12 16:08:57.839  INFO 569776 --- [http-nio-8080-exec-4] (113631361021120512) com.example.filter.RequestLogFilter      : 请求处理耗时: 1ms | 响应结果: 101 错误
2024-06-12 16:09:01.578  INFO 569776 --- [http-nio-8080-exec-7] (113631376707817472) com.example.filter.RequestLogFilter      : 请求URL: "/socket/admin" (GET) | 远程IP地址: 0:0:0:0:0:0:0:1 │ 身份: 未验证 | 请求参数列表: {}
2024-06-12 16:09:01.579  INFO 569776 --- [http-nio-8080-exec-7] (113631376707817472) com.example.filter.RequestLogFilter      : 请求处理耗时: 1ms | 响应结果: 101 错误
2024-06-12 16:09:03.946  INFO 569776 --- [http-nio-8080-exec-8] (113631386639929344) com.example.filter.RequestLogFilter      : 请求URL: "/api/auth/logout" (OPTIONS) | 远程IP地址: 0:0:0:0:0:0:0:1 │ 身份: 未验证 | 请求参数列表: {}
2024-06-12 16:09:03.963  INFO 569776 --- [http-nio-8080-exec-8] (113631386639929344) com.example.filter.RequestLogFilter      : 请求处理耗时: 17ms | 响应结果: 
2024-06-12 16:09:12.560  INFO 569776 --- [http-nio-8080-exec-1] (113631422769664000) com.example.filter.RequestLogFilter      : 请求URL: "/api/auth/login" (POST) | 远程IP地址: 0:0:0:0:0:0:0:1 │ 身份: 未验证 | 请求参数列表: {"username":"admin","password":"123456"}
2024-06-12 16:09:12.631  INFO 569776 --- [http-nio-8080-exec-1] (113631422769664000) com.example.filter.RequestLogFilter      : 请求处理耗时: 71ms | 响应结果: {"code":200,"data":{"expire":"2024-06-15 16:09:12.63","role":"user","token":"eyJ0eXAiOiJKV1QiLCJhbGciOiJIUzI1NiJ9.eyJuYW1lIjoiYWRtaW4iLCJpZCI6MCwiZXhwIjoxNzE4NDM4OTUyLCJpYXQiOjE3MTgxNzk3NTIsImp0aSI6IjhhODA5OTYxLTU2ZjktNGNiYy1iZjNhLTE1MGUwNTg1YmVlMCIsImF1dGhvcml0aWVzIjpbIlJPTEVfdXNlciJdfQ.OLsCbSBBjBd_Xb1e5H8Y9cnI4KtUyXtEppdzi5JDqxw","username":"admin"},"id":113631422769664000,"message":"请求成功"}
2024-06-12 16:09:12.678  INFO 569776 --- [http-nio-8080-exec-2] (113631423264591872) com.example.filter.RequestLogFilter      : 请求URL: "/socket/admin" (GET) | 远程IP地址: 0:0:0:0:0:0:0:1 │ 身份: 未验证 | 请求参数列表: {}
2024-06-12 16:09:12.679  INFO 569776 --- [http-nio-8080-exec-2] (113631423264591872) com.example.filter.RequestLogFilter      : 请求处理耗时: 1ms | 响应结果: 101 错误
2024-06-12 16:09:16.049  INFO 569776 --- [http-nio-8080-exec-6] (113631437403590656) com.example.filter.RequestLogFilter      : 请求URL: "/socket/admin" (GET) | 远程IP地址: 0:0:0:0:0:0:0:1 │ 身份: 未验证 | 请求参数列表: {}
2024-06-12 16:09:16.050  INFO 569776 --- [http-nio-8080-exec-6] (113631437403590656) com.example.filter.RequestLogFilter      : 请求处理耗时: 1ms | 响应结果: 101 错误
2024-06-12 16:09:22.620  INFO 569776 --- [http-nio-8080-exec-5] (113631464964362240) com.example.filter.RequestLogFilter      : 请求URL: "/api/auth/logout" (OPTIONS) | 远程IP地址: 0:0:0:0:0:0:0:1 │ 身份: 未验证 | 请求参数列表: {}
2024-06-12 16:09:22.622  INFO 569776 --- [http-nio-8080-exec-5] (113631464964362240) com.example.filter.RequestLogFilter      : 请求处理耗时: 2ms | 响应结果: 
2024-06-12 16:09:27.425  INFO 569776 --- [http-nio-8080-exec-8] (113631485113798656) com.example.filter.RequestLogFilter      : 请求URL: "/api/auth/login" (POST) | 远程IP地址: 0:0:0:0:0:0:0:1 │ 身份: 未验证 | 请求参数列表: {"username":"driac","password":"123456"}
2024-06-12 16:09:27.500  INFO 569776 --- [http-nio-8080-exec-8] (113631485113798656) com.example.filter.RequestLogFilter      : 请求处理耗时: 76ms | 响应结果: {"code":200,"data":{"expire":"2024-06-15 16:09:27.499","role":"user","token":"eyJ0eXAiOiJKV1QiLCJhbGciOiJIUzI1NiJ9.eyJuYW1lIjoiZHJpYWMiLCJpZCI6MiwiZXhwIjoxNzE4NDM4OTY3LCJpYXQiOjE3MTgxNzk3NjcsImp0aSI6IjcyM2JhNWNiLThiMjItNDRhMS05MzVkLTgzYTBhN2E0N2Q4YSIsImF1dGhvcml0aWVzIjpbIlJPTEVfdXNlciJdfQ.Aplj_KYqfCTFG_vuUr7SHAbmXyK8W6LGbbgrei5eNrk","username":"driac"},"id":113631485113798656,"message":"请求成功"}
2024-06-12 16:09:27.558  INFO 569776 --- [http-nio-8080-exec-9] (113631485675835392) com.example.filter.RequestLogFilter      : 请求URL: "/socket/driac" (GET) | 远程IP地址: 0:0:0:0:0:0:0:1 │ 身份: 未验证 | 请求参数列表: {}
2024-06-12 16:09:27.559  INFO 569776 --- [http-nio-8080-exec-9] (113631485675835392) com.example.filter.RequestLogFilter      : 请求处理耗时: 1ms | 响应结果: 101 错误
2024-06-12 16:09:30.848  INFO 569776 --- [http-nio-8080-exec-2] (113631499475095552) com.example.filter.RequestLogFilter      : 请求URL: "/socket/driac" (GET) | 远程IP地址: 0:0:0:0:0:0:0:1 │ 身份: 未验证 | 请求参数列表: {}
2024-06-12 16:09:30.849  INFO 569776 --- [http-nio-8080-exec-2] (113631499475095552) com.example.filter.RequestLogFilter      : 请求处理耗时: 1ms | 响应结果: 101 错误
2024-06-12 16:09:35.374  INFO 569776 --- [http-nio-8080-exec-4] (113631518458515456) com.example.filter.RequestLogFilter      : 请求URL: "/socket/admin" (GET) | 远程IP地址: 0:0:0:0:0:0:0:1 │ 身份: 未验证 | 请求参数列表: {}
2024-06-12 16:09:35.375  INFO 569776 --- [http-nio-8080-exec-4] (113631518458515456) com.example.filter.RequestLogFilter      : 请求处理耗时: 1ms | 响应结果: 101 错误
2024-06-12 16:09:44.968  INFO 569776 --- [http-nio-8080-exec-6] (113631558698668032) com.example.filter.RequestLogFilter      : 请求URL: "/api/auth/logout" (OPTIONS) | 远程IP地址: 0:0:0:0:0:0:0:1 │ 身份: 未验证 | 请求参数列表: {}
2024-06-12 16:09:44.970  INFO 569776 --- [http-nio-8080-exec-6] (113631558698668032) com.example.filter.RequestLogFilter      : 请求处理耗时: 2ms | 响应结果: 
2024-06-12 16:09:53.232  INFO 569776 --- [http-nio-8080-exec-7] (113631593360396288) com.example.filter.RequestLogFilter      : 请求URL: "/api/auth/login" (POST) | 远程IP地址: 0:0:0:0:0:0:0:1 │ 身份: 未验证 | 请求参数列表: {"username":"driac","password":"123456"}
2024-06-12 16:09:53.306  INFO 569776 --- [http-nio-8080-exec-7] (113631593360396288) com.example.filter.RequestLogFilter      : 请求处理耗时: 74ms | 响应结果: {"code":200,"data":{"expire":"2024-06-15 16:09:53.306","role":"user","token":"eyJ0eXAiOiJKV1QiLCJhbGciOiJIUzI1NiJ9.eyJuYW1lIjoiZHJpYWMiLCJpZCI6MiwiZXhwIjoxNzE4NDM4OTkzLCJpYXQiOjE3MTgxNzk3OTMsImp0aSI6IjUwNTUzYjNmLTMzZjctNDk2Yi04NjRmLTYzZjMzMzk4Y2NhMSIsImF1dGhvcml0aWVzIjpbIlJPTEVfdXNlciJdfQ.Tb0bSuchRWicLBLsHKUerQ-udQPAXYvtfJIMXA5lg-k","username":"driac"},"id":113631593360396288,"message":"请求成功"}
2024-06-12 16:09:53.353  INFO 569776 --- [http-nio-8080-exec-8] (113631593867907072) com.example.filter.RequestLogFilter      : 请求URL: "/socket/driac" (GET) | 远程IP地址: 0:0:0:0:0:0:0:1 │ 身份: 未验证 | 请求参数列表: {}
2024-06-12 16:09:53.354  INFO 569776 --- [http-nio-8080-exec-8] (113631593867907072) com.example.filter.RequestLogFilter      : 请求处理耗时: 1ms | 响应结果: 101 错误
2024-06-12 16:10:02.410  INFO 569776 --- [http-nio-8080-exec-10] (113631631855718400) com.example.filter.RequestLogFilter      : 请求URL: "/api/auth/logout" (OPTIONS) | 远程IP地址: 0:0:0:0:0:0:0:1 │ 身份: 未验证 | 请求参数列表: {}
2024-06-12 16:10:02.411  INFO 569776 --- [http-nio-8080-exec-10] (113631631855718400) com.example.filter.RequestLogFilter      : 请求处理耗时: 1ms | 响应结果: 
2024-06-12 16:10:11.895  INFO 569776 --- [http-nio-8080-exec-3] (113631671638691840) com.example.filter.RequestLogFilter      : 请求URL: "/api/auth/login" (POST) | 远程IP地址: 0:0:0:0:0:0:0:1 │ 身份: 未验证 | 请求参数列表: {"username":"admin","password":"123456"}
2024-06-12 16:10:11.968  INFO 569776 --- [http-nio-8080-exec-3] (113631671638691840) com.example.filter.RequestLogFilter      : 请求处理耗时: 73ms | 响应结果: {"code":200,"data":{"expire":"2024-06-15 16:10:11.968","role":"user","token":"eyJ0eXAiOiJKV1QiLCJhbGciOiJIUzI1NiJ9.eyJuYW1lIjoiYWRtaW4iLCJpZCI6MCwiZXhwIjoxNzE4NDM5MDExLCJpYXQiOjE3MTgxNzk4MTEsImp0aSI6ImVjMWY3YWI5LTE5MTMtNDI4NC04ODJhLTE5NzY5YjIwMDkyMiIsImF1dGhvcml0aWVzIjpbIlJPTEVfdXNlciJdfQ.8v-A2Ke0m-qyc-xwFz9xRVSI3hfc9PrNe_CjlzihJEA","username":"admin"},"id":113631671638691840,"message":"请求成功"}
2024-06-12 16:10:12.018  INFO 569776 --- [http-nio-8080-exec-4] (113631672154591232) com.example.filter.RequestLogFilter      : 请求URL: "/socket/admin" (GET) | 远程IP地址: 0:0:0:0:0:0:0:1 │ 身份: 未验证 | 请求参数列表: {}
2024-06-12 16:10:12.019  INFO 569776 --- [http-nio-8080-exec-4] (113631672154591232) com.example.filter.RequestLogFilter      : 请求处理耗时: 1ms | 响应结果: 101 错误
2024-06-12 16:10:14.064  INFO 569776 --- [http-nio-8080-exec-8] (113631680736137216) com.example.filter.RequestLogFilter      : 请求URL: "/socket/admin" (GET) | 远程IP地址: 0:0:0:0:0:0:0:1 │ 身份: 未验证 | 请求参数列表: {}
2024-06-12 16:10:14.065  INFO 569776 --- [http-nio-8080-exec-8] (113631680736137216) com.example.filter.RequestLogFilter      : 请求处理耗时: 1ms | 响应结果: 101 错误
2024-06-12 16:10:22.324  INFO 569776 --- [http-nio-8080-exec-1] (113631715381088256) com.example.filter.RequestLogFilter      : 请求URL: "/socket/driac" (GET) | 远程IP地址: 0:0:0:0:0:0:0:1 │ 身份: 未验证 | 请求参数列表: {}
2024-06-12 16:10:22.325  INFO 569776 --- [http-nio-8080-exec-1] (113631715381088256) com.example.filter.RequestLogFilter      : 请求处理耗时: 1ms | 响应结果: 101 错误
2024-06-12 16:10:30.225  INFO 569776 --- [http-nio-8080-exec-5] (113631748516089856) com.example.filter.RequestLogFilter      : 请求URL: "/socket/driac" (GET) | 远程IP地址: 0:0:0:0:0:0:0:1 │ 身份: 未验证 | 请求参数列表: {}
2024-06-12 16:10:30.226  INFO 569776 --- [http-nio-8080-exec-5] (113631748516089856) com.example.filter.RequestLogFilter      : 请求处理耗时: 2ms | 响应结果: 101 错误
2024-06-12 16:11:03.660  INFO 569776 --- [http-nio-8080-exec-1] (113631888756838400) com.example.filter.RequestLogFilter      : 请求URL: "/api/auth/logout" (OPTIONS) | 远程IP地址: 0:0:0:0:0:0:0:1 │ 身份: 未验证 | 请求参数列表: {}
2024-06-12 16:11:03.662  INFO 569776 --- [http-nio-8080-exec-1] (113631888756838400) com.example.filter.RequestLogFilter      : 请求处理耗时: 2ms | 响应结果: 
2024-06-12 16:12:10.772  INFO 569776 --- [org.springframework.amqp.rabbit.RabbitListenerEndpointContainer#0-2] (system) o.s.a.r.l.SimpleMessageListenerContainer : Waiting for workers to finish.
2024-06-12 16:12:11.677  INFO 569776 --- [org.springframework.amqp.rabbit.RabbitListenerEndpointContainer#0-2] (system) o.s.a.r.l.SimpleMessageListenerContainer : Successfully waited for workers to finish.
2024-06-12 16:12:11.707  INFO 569776 --- [SpringApplicationShutdownHook] (system) com.zaxxer.hikari.HikariDataSource       : HikariPool-1 - Shutdown initiated...
2024-06-12 16:12:11.712  INFO 569776 --- [SpringApplicationShutdownHook] (system) com.zaxxer.hikari.HikariDataSource       : HikariPool-1 - Shutdown completed.
2024-06-12 20:40:05.355  INFO 769856 --- [main] (system) c.example.MyProjectBackendApplication    : Starting MyProjectBackendApplication using Java 20.0.1 with PID 769856 (G:\project\web-demo\my-project-backend\target\classes started by sss in G:\project\web-demo\my-project-backend)
2024-06-12 20:40:05.357  INFO 769856 --- [main] (system) c.example.MyProjectBackendApplication    : The following 1 profile is active: "dev"
2024-06-12 20:40:06.648  INFO 769856 --- [main] (system) .s.d.r.c.RepositoryConfigurationDelegate : Multiple Spring Data modules found, entering strict repository configuration mode
2024-06-12 20:40:06.652  INFO 769856 --- [main] (system) .s.d.r.c.RepositoryConfigurationDelegate : Bootstrapping Spring Data Redis repositories in DEFAULT mode.
2024-06-12 20:40:06.680  INFO 769856 --- [main] (system) .s.d.r.c.RepositoryConfigurationDelegate : Finished Spring Data repository scanning in 11 ms. Found 0 Redis repository interfaces.
2024-06-12 20:40:07.373  INFO 769856 --- [main] (system) o.s.b.w.embedded.tomcat.TomcatWebServer  : Tomcat initialized with port(s): 8080 (http)
2024-06-12 20:40:07.382  INFO 769856 --- [main] (system) o.apache.catalina.core.StandardService   : Starting service [Tomcat]
2024-06-12 20:40:07.382  INFO 769856 --- [main] (system) o.apache.catalina.core.StandardEngine    : Starting Servlet engine: [Apache Tomcat/10.1.11]
2024-06-12 20:40:07.467  INFO 769856 --- [main] (system) o.a.c.c.C.[Tomcat].[localhost].[/]       : Initializing Spring embedded WebApplicationContext
2024-06-12 20:40:07.467  INFO 769856 --- [main] (system) w.s.c.ServletWebServerApplicationContext : Root WebApplicationContext: initialization completed in 2071 ms
2024-06-12 20:40:08.679  INFO 769856 --- [main] (system) o.s.s.web.DefaultSecurityFilterChain     : Will secure any request with [org.springframework.security.web.session.DisableEncodeUrlFilter@64f33dee, org.springframework.security.web.context.request.async.WebAsyncManagerIntegrationFilter@61c58320, org.springframework.security.web.context.SecurityContextHolderFilter@2bc8caa7, org.springframework.security.web.header.HeaderWriterFilter@3180aee, org.springframework.security.web.authentication.logout.LogoutFilter@154b0748, com.example.filter.JwtAuthenticationFilter@75ed7512, com.example.filter.RequestLogFilter@6326c5ec, org.springframework.security.web.authentication.UsernamePasswordAuthenticationFilter@10ad95cd, org.springframework.security.web.savedrequest.RequestCacheAwareFilter@2fccf49e, org.springframework.security.web.servletapi.SecurityContextHolderAwareRequestFilter@72646d16, org.springframework.security.web.authentication.AnonymousAuthenticationFilter@10e4ee33, org.springframework.security.web.session.SessionManagementFilter@288b73c1, org.springframework.security.web.access.ExceptionTranslationFilter@35d81657, org.springframework.security.web.access.intercept.AuthorizationFilter@9746157]
2024-06-12 20:40:09.041  WARN 769856 --- [main] (system) c.b.m.core.metadata.TableInfoHelper      : Can not find table primary key in Class: "com.example.entity.dto.Message".
2024-06-12 20:40:09.041  WARN 769856 --- [main] (system) c.b.m.core.injector.DefaultSqlInjector   : class com.example.entity.dto.Message ,Not found @TableId annotation, Cannot use Mybatis-Plus 'xxById' Method.
2024-06-12 20:40:09.089  WARN 769856 --- [main] (system) ocalVariableTableParameterNameDiscoverer : Using deprecated '-debug' fallback for parameter name resolution. Compile the affected code with '-parameters' instead or avoid its introspection: org.springframework.amqp.rabbit.core.RabbitAdmin
2024-06-12 20:40:09.145  INFO 769856 --- [main] (system) o.s.b.w.embedded.tomcat.TomcatWebServer  : Tomcat started on port(s): 8080 (http) with context path ''
2024-06-12 20:40:09.149  INFO 769856 --- [main] (system) o.s.a.r.c.CachingConnectionFactory       : Attempting to connect to: [localhost:5672]
2024-06-12 20:40:09.210  INFO 769856 --- [main] (system) o.s.a.r.c.CachingConnectionFactory       : Created new connection: rabbitConnectionFactory#55c03e4:0/SimpleConnection@147ad4bb [delegate=amqp://admin@127.0.0.1:5672/, localPort=49228]
2024-06-12 20:40:09.261  INFO 769856 --- [main] (system) c.example.MyProjectBackendApplication    : Started MyProjectBackendApplication in 4.491 seconds (process running for 5.258)
2024-06-12 20:40:39.701  INFO 769856 --- [http-nio-8080-exec-1] (system) o.a.c.c.C.[Tomcat].[localhost].[/]       : Initializing Spring DispatcherServlet 'dispatcherServlet'
2024-06-12 20:40:39.701  INFO 769856 --- [http-nio-8080-exec-1] (system) o.s.web.servlet.DispatcherServlet        : Initializing Servlet 'dispatcherServlet'
2024-06-12 20:40:39.702  INFO 769856 --- [http-nio-8080-exec-1] (system) o.s.web.servlet.DispatcherServlet        : Completed initialization in 1 ms
2024-06-12 20:40:40.147  INFO 769856 --- [http-nio-8080-exec-1] (113699737852579840) com.example.filter.RequestLogFilter      : 请求URL: "/api/auth/login" (POST) | 远程IP地址: 0:0:0:0:0:0:0:1 │ 身份: 未验证 | 请求参数列表: {"username":"driac","password":"123456"}
2024-06-12 20:40:40.388  INFO 769856 --- [http-nio-8080-exec-1] (113699737852579840) com.zaxxer.hikari.HikariDataSource       : HikariPool-1 - Starting...
2024-06-12 20:40:40.622  INFO 769856 --- [http-nio-8080-exec-1] (113699737852579840) com.zaxxer.hikari.pool.HikariPool        : HikariPool-1 - Added connection com.mysql.cj.jdbc.ConnectionImpl@344851b
2024-06-12 20:40:40.624  INFO 769856 --- [http-nio-8080-exec-1] (113699737852579840) com.zaxxer.hikari.HikariDataSource       : HikariPool-1 - Start completed.
2024-06-12 20:40:40.781  INFO 769856 --- [http-nio-8080-exec-1] (113699737852579840) com.example.filter.RequestLogFilter      : 请求处理耗时: 636ms | 响应结果: {"code":200,"data":{"expire":"2024-06-15 20:40:40.756","role":"user","token":"eyJ0eXAiOiJKV1QiLCJhbGciOiJIUzI1NiJ9.eyJuYW1lIjoiZHJpYWMiLCJpZCI6MiwiZXhwIjoxNzE4NDU1MjQwLCJpYXQiOjE3MTgxOTYwNDAsImp0aSI6IjBmYjQ0OWZhLWRhMTktNGIzNC04OGVkLThlMDVjMGMyYjRhMSIsImF1dGhvcml0aWVzIjpbIlJPTEVfdXNlciJdfQ.goTkwbw8BNuryHlP_MXnrr11Vfu2VGDvMgH0e7qOCGw","username":"driac"},"id":113699737852579840,"message":"请求成功"}
2024-06-12 20:40:42.388  INFO 769856 --- [http-nio-8080-exec-2] (113699747260403712) com.example.filter.RequestLogFilter      : 请求URL: "/socket/driac" (GET) | 远程IP地址: 0:0:0:0:0:0:0:1 │ 身份: 未验证 | 请求参数列表: {}
2024-06-12 20:40:42.433  INFO 769856 --- [http-nio-8080-exec-2] (113699747260403712) com.example.filter.RequestLogFilter      : 请求处理耗时: 45ms | 响应结果: 101 错误
2024-06-12 20:40:52.456  INFO 769856 --- [http-nio-8080-exec-4] (113699789488656384) com.example.filter.RequestLogFilter      : 请求URL: "/socket/driac" (GET) | 远程IP地址: 0:0:0:0:0:0:0:1 │ 身份: 未验证 | 请求参数列表: {}
2024-06-12 20:40:52.457  INFO 769856 --- [http-nio-8080-exec-4] (113699789488656384) com.example.filter.RequestLogFilter      : 请求处理耗时: 1ms | 响应结果: 101 错误
