2024-06-15 19:22:31.522  INFO 350920 --- [main] (system) c.example.MyProjectBackendApplication    : Starting MyProjectBackendApplication using Java 20.0.1 with PID 350920 (G:\project\web-demo\my-project-backend\target\classes started by sss in G:\project\web-demo\my-project-backend)
2024-06-15 19:22:31.523  INFO 350920 --- [main] (system) c.example.MyProjectBackendApplication    : The following 1 profile is active: "dev"
2024-06-15 19:22:32.664  INFO 350920 --- [main] (system) .s.d.r.c.RepositoryConfigurationDelegate : Multiple Spring Data modules found, entering strict repository configuration mode
2024-06-15 19:22:32.667  INFO 350920 --- [main] (system) .s.d.r.c.RepositoryConfigurationDelegate : Bootstrapping Spring Data Redis repositories in DEFAULT mode.
2024-06-15 19:22:32.698  INFO 350920 --- [main] (system) .s.d.r.c.RepositoryConfigurationDelegate : Finished Spring Data repository scanning in 13 ms. Found 0 Redis repository interfaces.
2024-06-15 19:22:33.485  INFO 350920 --- [main] (system) o.s.b.w.embedded.tomcat.TomcatWebServer  : Tomcat initialized with port(s): 8080 (http)
2024-06-15 19:22:33.498  INFO 350920 --- [main] (system) o.apache.catalina.core.StandardService   : Starting service [Tomcat]
2024-06-15 19:22:33.499  INFO 350920 --- [main] (system) o.apache.catalina.core.StandardEngine    : Starting Servlet engine: [Apache Tomcat/10.1.11]
2024-06-15 19:22:33.607  INFO 350920 --- [main] (system) o.a.c.c.C.[Tomcat].[localhost].[/]       : Initializing Spring embedded WebApplicationContext
2024-06-15 19:22:33.608  INFO 350920 --- [main] (system) w.s.c.ServletWebServerApplicationContext : Root WebApplicationContext: initialization completed in 2022 ms
2024-06-15 19:22:35.256  INFO 350920 --- [main] (system) o.s.s.web.DefaultSecurityFilterChain     : Will secure any request with [org.springframework.security.web.session.DisableEncodeUrlFilter@2ab7f649, org.springframework.security.web.context.request.async.WebAsyncManagerIntegrationFilter@52a74328, org.springframework.security.web.context.SecurityContextHolderFilter@2e02cc37, org.springframework.security.web.header.HeaderWriterFilter@64d53f0d, org.springframework.security.web.authentication.logout.LogoutFilter@3b046e64, com.example.filter.JwtAuthenticationFilter@32e697ac, com.example.filter.RequestLogFilter@1a4083f6, org.springframework.security.web.authentication.UsernamePasswordAuthenticationFilter@3d2eb7fa, org.springframework.security.web.savedrequest.RequestCacheAwareFilter@652a1a17, org.springframework.security.web.servletapi.SecurityContextHolderAwareRequestFilter@69419d59, org.springframework.security.web.authentication.AnonymousAuthenticationFilter@3093b9ff, org.springframework.security.web.session.SessionManagementFilter@4b916cc2, org.springframework.security.web.access.ExceptionTranslationFilter@631678e6, org.springframework.security.web.access.intercept.AuthorizationFilter@3211cc84]
2024-06-15 19:22:35.617  WARN 350920 --- [main] (system) c.b.m.core.metadata.TableInfoHelper      : Can not find table primary key in Class: "com.example.entity.dto.Message".
2024-06-15 19:22:35.617  WARN 350920 --- [main] (system) c.b.m.core.injector.DefaultSqlInjector   : class com.example.entity.dto.Message ,Not found @TableId annotation, Cannot use Mybatis-Plus 'xxById' Method.
2024-06-15 19:22:35.682  WARN 350920 --- [main] (system) ocalVariableTableParameterNameDiscoverer : Using deprecated '-debug' fallback for parameter name resolution. Compile the affected code with '-parameters' instead or avoid its introspection: org.springframework.amqp.rabbit.core.RabbitAdmin
2024-06-15 19:22:35.742  INFO 350920 --- [main] (system) o.s.b.w.embedded.tomcat.TomcatWebServer  : Tomcat started on port(s): 8080 (http) with context path ''
2024-06-15 19:22:35.745  INFO 350920 --- [main] (system) o.s.a.r.c.CachingConnectionFactory       : Attempting to connect to: [localhost:5672]
2024-06-15 19:22:35.806  INFO 350920 --- [main] (system) o.s.a.r.c.CachingConnectionFactory       : Created new connection: rabbitConnectionFactory#4d825dbe:0/SimpleConnection@74faf450 [delegate=amqp://admin@127.0.0.1:5672/, localPort=64967]
2024-06-15 19:22:35.862  INFO 350920 --- [main] (system) c.example.MyProjectBackendApplication    : Started MyProjectBackendApplication in 4.961 seconds (process running for 10.995)
2024-06-15 19:39:51.549  INFO 350920 --- [http-nio-8080-exec-1] (system) o.a.c.c.C.[Tomcat].[localhost].[/]       : Initializing Spring DispatcherServlet 'dispatcherServlet'
2024-06-15 19:39:51.550  INFO 350920 --- [http-nio-8080-exec-1] (system) o.s.web.servlet.DispatcherServlet        : Initializing Servlet 'dispatcherServlet'
2024-06-15 19:39:51.552  INFO 350920 --- [http-nio-8080-exec-1] (system) o.s.web.servlet.DispatcherServlet        : Completed initialization in 2 ms
2024-06-15 19:39:52.076  INFO 350920 --- [http-nio-8080-exec-1] (114771600326397952) com.example.filter.RequestLogFilter      : 请求URL: "/api/auth/login" (POST) | 远程IP地址: 0:0:0:0:0:0:0:1 │ 身份: 未验证 | 请求参数列表: {"username":"driac","password":"123456"}
2024-06-15 19:39:52.324  INFO 350920 --- [http-nio-8080-exec-1] (114771600326397952) com.zaxxer.hikari.HikariDataSource       : HikariPool-1 - Starting...
2024-06-15 19:39:52.575  INFO 350920 --- [http-nio-8080-exec-1] (114771600326397952) com.zaxxer.hikari.pool.HikariPool        : HikariPool-1 - Added connection com.mysql.cj.jdbc.ConnectionImpl@65c639b7
2024-06-15 19:39:52.577  INFO 350920 --- [http-nio-8080-exec-1] (114771600326397952) com.zaxxer.hikari.HikariDataSource       : HikariPool-1 - Start completed.
2024-06-15 19:39:52.733  INFO 350920 --- [http-nio-8080-exec-1] (114771600326397952) com.example.filter.RequestLogFilter      : 请求处理耗时: 659ms | 响应结果: {"code":200,"data":{"expire":"2024-06-18 19:39:52.708","role":"user","token":"eyJ0eXAiOiJKV1QiLCJhbGciOiJIUzI1NiJ9.eyJuYW1lIjoiZHJpYWMiLCJpZCI6MiwiZXhwIjoxNzE4NzEwNzkyLCJpYXQiOjE3MTg0NTE1OTIsImp0aSI6IjRmYjk4NDAxLWQ1MmMtNDhmMS04OTU1LTRlMGYwNmRkZmE1NiIsImF1dGhvcml0aWVzIjpbIlJPTEVfdXNlciJdfQ.tQeMcLqFY0lLH4ZPBUHTtBsiOx5Auv2Xv5zpiUEzRH4","username":"driac"},"id":114771600326397952,"message":"请求成功"}
2024-06-15 19:39:54.693  INFO 350920 --- [http-nio-8080-exec-4] (114771611311280128) com.example.filter.RequestLogFilter      : 请求URL: "/socket/driac" (GET) | 远程IP地址: 0:0:0:0:0:0:0:1 │ 身份: 未验证 | 请求参数列表: {}
2024-06-15 19:39:54.735  INFO 350920 --- [http-nio-8080-exec-4] (114771611311280128) com.example.filter.RequestLogFilter      : 请求处理耗时: 42ms | 响应结果: 101 错误
2024-06-15 19:39:57.087  INFO 350920 --- [http-nio-8080-exec-5] (114771621356638208) com.example.filter.RequestLogFilter      : 请求URL: "/socket/driac" (GET) | 远程IP地址: 0:0:0:0:0:0:0:1 │ 身份: 未验证 | 请求参数列表: {}
2024-06-15 19:39:57.089  INFO 350920 --- [http-nio-8080-exec-5] (114771621356638208) com.example.filter.RequestLogFilter      : 请求处理耗时: 2ms | 响应结果: 101 错误
2024-06-15 19:40:08.041  INFO 350920 --- [http-nio-8080-exec-6] (114771667301044224) com.example.filter.RequestLogFilter      : 请求URL: "/socket/driac" (GET) | 远程IP地址: 0:0:0:0:0:0:0:1 │ 身份: 未验证 | 请求参数列表: {}
2024-06-15 19:40:08.044  INFO 350920 --- [http-nio-8080-exec-6] (114771667301044224) com.example.filter.RequestLogFilter      : 请求处理耗时: 3ms | 响应结果: 101 错误
2024-06-15 19:40:10.707  INFO 350920 --- [http-nio-8080-exec-7] (114771678483058688) com.example.filter.RequestLogFilter      : 请求URL: "/api/auth/logout" (OPTIONS) | 远程IP地址: 0:0:0:0:0:0:0:1 │ 身份: 未验证 | 请求参数列表: {}
2024-06-15 19:40:10.734  INFO 350920 --- [http-nio-8080-exec-7] (114771678483058688) com.example.filter.RequestLogFilter      : 请求处理耗时: 27ms | 响应结果: 
2024-06-15 19:40:26.371  INFO 350920 --- [http-nio-8080-exec-9] (114771744178442240) com.example.filter.RequestLogFilter      : 请求URL: "/api/auth/login" (POST) | 远程IP地址: 0:0:0:0:0:0:0:1 │ 身份: 未验证 | 请求参数列表: {"username":"driac","password":"123456"}
2024-06-15 19:40:26.451  INFO 350920 --- [http-nio-8080-exec-9] (114771744178442240) com.example.filter.RequestLogFilter      : 请求处理耗时: 81ms | 响应结果: {"code":200,"data":{"expire":"2024-06-18 19:40:26.45","role":"user","token":"eyJ0eXAiOiJKV1QiLCJhbGciOiJIUzI1NiJ9.eyJuYW1lIjoiZHJpYWMiLCJpZCI6MiwiZXhwIjoxNzE4NzEwODI2LCJpYXQiOjE3MTg0NTE2MjYsImp0aSI6IjkyZjEzZjk2LWI1YWMtNDA3Yi1iOGEzLWUxMmNkNDQxMDk2MCIsImF1dGhvcml0aWVzIjpbIlJPTEVfdXNlciJdfQ.20R0zAsp7-MYj2tkYVoTR0UdvNlsAYUFeBuuoMOGW_w","username":"driac"},"id":114771744178442240,"message":"请求成功"}
2024-06-15 19:40:26.526  INFO 350920 --- [http-nio-8080-exec-10] (114771744832753664) com.example.filter.RequestLogFilter      : 请求URL: "/socket/driac" (GET) | 远程IP地址: 0:0:0:0:0:0:0:1 │ 身份: 未验证 | 请求参数列表: {}
2024-06-15 19:40:26.528  INFO 350920 --- [http-nio-8080-exec-10] (114771744832753664) com.example.filter.RequestLogFilter      : 请求处理耗时: 2ms | 响应结果: 101 错误
2024-06-15 19:40:29.356  INFO 350920 --- [http-nio-8080-exec-3] (114771756702633984) com.example.filter.RequestLogFilter      : 请求URL: "/socket/driac" (GET) | 远程IP地址: 0:0:0:0:0:0:0:1 │ 身份: 未验证 | 请求参数列表: {}
2024-06-15 19:40:29.357  INFO 350920 --- [http-nio-8080-exec-3] (114771756702633984) com.example.filter.RequestLogFilter      : 请求处理耗时: 1ms | 响应结果: 101 错误
2024-06-15 19:41:04.128  INFO 350920 --- [http-nio-8080-exec-2] (114771902546972672) com.example.filter.RequestLogFilter      : 请求URL: "/api/auth/login" (POST) | 远程IP地址: 0:0:0:0:0:0:0:1 │ 身份: 未验证 | 请求参数列表: {"username":"driac","password":"123456"}
2024-06-15 19:41:04.204  INFO 350920 --- [http-nio-8080-exec-2] (114771902546972672) com.example.filter.RequestLogFilter      : 请求处理耗时: 76ms | 响应结果: {"code":200,"data":{"expire":"2024-06-18 19:41:04.204","role":"user","token":"eyJ0eXAiOiJKV1QiLCJhbGciOiJIUzI1NiJ9.eyJuYW1lIjoiZHJpYWMiLCJpZCI6MiwiZXhwIjoxNzE4NzEwODY0LCJpYXQiOjE3MTg0NTE2NjQsImp0aSI6IjFkN2JjNjRiLTRhNjUtNDE3Mi05MTBjLTAyMDVhNTBjYWVkZCIsImF1dGhvcml0aWVzIjpbIlJPTEVfdXNlciJdfQ.lmU4DeWRHbr-AuHKtua6ZmpytVn6SBPn5spOCBpj7Ec","username":"driac"},"id":114771902546972672,"message":"请求成功"}
2024-06-15 19:41:04.773  INFO 350920 --- [http-nio-8080-exec-6] (114771905252298752) com.example.filter.RequestLogFilter      : 请求URL: "/socket/driac" (GET) | 远程IP地址: 0:0:0:0:0:0:0:1 │ 身份: 未验证 | 请求参数列表: {}
2024-06-15 19:41:04.774  INFO 350920 --- [http-nio-8080-exec-6] (114771905252298752) com.example.filter.RequestLogFilter      : 请求处理耗时: 1ms | 响应结果: 101 错误
2024-06-15 19:41:13.468  INFO 350920 --- [http-nio-8080-exec-8] (114771941721772032) com.example.filter.RequestLogFilter      : 请求URL: "/socket/driac" (GET) | 远程IP地址: 0:0:0:0:0:0:0:1 │ 身份: 未验证 | 请求参数列表: {}
2024-06-15 19:41:13.470  INFO 350920 --- [http-nio-8080-exec-8] (114771941721772032) com.example.filter.RequestLogFilter      : 请求处理耗时: 2ms | 响应结果: 101 错误
2024-06-15 19:41:17.638  INFO 350920 --- [http-nio-8080-exec-10] (114771959212019712) com.example.filter.RequestLogFilter      : 请求URL: "/socket/driac" (GET) | 远程IP地址: 0:0:0:0:0:0:0:1 │ 身份: 未验证 | 请求参数列表: {}
2024-06-15 19:41:17.639  INFO 350920 --- [http-nio-8080-exec-10] (114771959212019712) com.example.filter.RequestLogFilter      : 请求处理耗时: 1ms | 响应结果: 101 错误
2024-06-15 19:41:25.063  INFO 350920 --- [http-nio-8080-exec-1] (114771990354726912) com.example.filter.RequestLogFilter      : 请求URL: "/api/auth/logout" (OPTIONS) | 远程IP地址: 0:0:0:0:0:0:0:1 │ 身份: 未验证 | 请求参数列表: {}
2024-06-15 19:41:25.064  INFO 350920 --- [http-nio-8080-exec-1] (114771990354726912) com.example.filter.RequestLogFilter      : 请求处理耗时: 1ms | 响应结果: 
2024-06-15 19:41:42.894  INFO 350920 --- [http-nio-8080-exec-5] (114772065143361536) com.example.filter.RequestLogFilter      : 请求URL: "/api/auth/login" (POST) | 远程IP地址: 0:0:0:0:0:0:0:1 │ 身份: 未验证 | 请求参数列表: {"username":"driac","password":"123456"}
2024-06-15 19:41:42.970  INFO 350920 --- [http-nio-8080-exec-5] (114772065143361536) com.example.filter.RequestLogFilter      : 请求处理耗时: 76ms | 响应结果: {"code":200,"data":{"expire":"2024-06-18 19:41:42.97","role":"user","token":"eyJ0eXAiOiJKV1QiLCJhbGciOiJIUzI1NiJ9.eyJuYW1lIjoiZHJpYWMiLCJpZCI6MiwiZXhwIjoxNzE4NzEwOTAyLCJpYXQiOjE3MTg0NTE3MDIsImp0aSI6ImYyZWQxNzM4LWJmN2UtNDIxNS04MTVkLTY4OGU2NjkyMjcxYSIsImF1dGhvcml0aWVzIjpbIlJPTEVfdXNlciJdfQ.EAFEolqKfKlYM_DGNmxLMhEpTxR11awAWbh3D4TJDgc","username":"driac"},"id":114772065143361536,"message":"请求成功"}
2024-06-15 19:41:43.865  INFO 350920 --- [http-nio-8080-exec-2] (114772069216030720) com.example.filter.RequestLogFilter      : 请求URL: "/socket/driac" (GET) | 远程IP地址: 0:0:0:0:0:0:0:1 │ 身份: 未验证 | 请求参数列表: {}
2024-06-15 19:41:43.866  INFO 350920 --- [http-nio-8080-exec-2] (114772069216030720) com.example.filter.RequestLogFilter      : 请求处理耗时: 1ms | 响应结果: 101 错误
2024-06-15 19:41:46.019  INFO 350920 --- [http-nio-8080-exec-7] (114772078250561536) com.example.filter.RequestLogFilter      : 请求URL: "/socket/driac" (GET) | 远程IP地址: 0:0:0:0:0:0:0:1 │ 身份: 未验证 | 请求参数列表: {}
2024-06-15 19:41:46.020  INFO 350920 --- [http-nio-8080-exec-7] (114772078250561536) com.example.filter.RequestLogFilter      : 请求处理耗时: 1ms | 响应结果: 101 错误
2024-06-15 19:41:52.751  INFO 350920 --- [http-nio-8080-exec-8] (114772106486616064) com.example.filter.RequestLogFilter      : 请求URL: "/api/auth/logout" (OPTIONS) | 远程IP地址: 0:0:0:0:0:0:0:1 │ 身份: 未验证 | 请求参数列表: {}
2024-06-15 19:41:52.753  INFO 350920 --- [http-nio-8080-exec-8] (114772106486616064) com.example.filter.RequestLogFilter      : 请求处理耗时: 2ms | 响应结果: 
2024-06-15 19:42:01.251  INFO 350920 --- [http-nio-8080-exec-1] (114772142138200064) com.example.filter.RequestLogFilter      : 请求URL: "/api/auth/login" (POST) | 远程IP地址: 0:0:0:0:0:0:0:1 │ 身份: 未验证 | 请求参数列表: {"username":"driac","password":"123456"}
2024-06-15 19:42:01.329  INFO 350920 --- [http-nio-8080-exec-1] (114772142138200064) com.example.filter.RequestLogFilter      : 请求处理耗时: 78ms | 响应结果: {"code":200,"data":{"expire":"2024-06-18 19:42:01.329","role":"user","token":"eyJ0eXAiOiJKV1QiLCJhbGciOiJIUzI1NiJ9.eyJuYW1lIjoiZHJpYWMiLCJpZCI6MiwiZXhwIjoxNzE4NzEwOTIxLCJpYXQiOjE3MTg0NTE3MjEsImp0aSI6IjAyYTVjMjNiLWNjOTQtNGMwYi1hYmRlLTMwM2QzMWEwZmFhOSIsImF1dGhvcml0aWVzIjpbIlJPTEVfdXNlciJdfQ.MkPw3L84Xl7e826JzepCm_W8nUjYmbhXKIZjdal7aSM","username":"driac"},"id":114772142138200064,"message":"请求成功"}
2024-06-15 19:42:01.809  INFO 350920 --- [http-nio-8080-exec-4] (114772144478621696) com.example.filter.RequestLogFilter      : 请求URL: "/socket/driac" (GET) | 远程IP地址: 0:0:0:0:0:0:0:1 │ 身份: 未验证 | 请求参数列表: {}
2024-06-15 19:42:01.810  INFO 350920 --- [http-nio-8080-exec-4] (114772144478621696) com.example.filter.RequestLogFilter      : 请求处理耗时: 1ms | 响应结果: 101 错误
2024-06-15 19:42:04.278  INFO 350920 --- [http-nio-8080-exec-5] (114772154834358272) com.example.filter.RequestLogFilter      : 请求URL: "/socket/driac" (GET) | 远程IP地址: 0:0:0:0:0:0:0:1 │ 身份: 未验证 | 请求参数列表: {}
2024-06-15 19:42:04.279  INFO 350920 --- [http-nio-8080-exec-5] (114772154834358272) com.example.filter.RequestLogFilter      : 请求处理耗时: 1ms | 响应结果: 101 错误
2024-06-15 19:42:09.761  INFO 350920 --- [http-nio-8080-exec-6] (114772177831727104) com.example.filter.RequestLogFilter      : 请求URL: "/socket/driac" (GET) | 远程IP地址: 0:0:0:0:0:0:0:1 │ 身份: 未验证 | 请求参数列表: {}
2024-06-15 19:42:09.763  INFO 350920 --- [http-nio-8080-exec-6] (114772177831727104) com.example.filter.RequestLogFilter      : 请求处理耗时: 2ms | 响应结果: 101 错误
2024-06-15 21:24:40.490  INFO 350920 --- [http-nio-8080-exec-8] (114797975846391808) com.example.filter.RequestLogFilter      : 请求URL: "/api/auth/login" (POST) | 远程IP地址: 0:0:0:0:0:0:0:1 │ 身份: 未验证 | 请求参数列表: {"username":"admin","password":"123456"}
2024-06-15 21:24:40.668  INFO 350920 --- [http-nio-8080-exec-8] (114797975846391808) com.example.filter.RequestLogFilter      : 请求处理耗时: 181ms | 响应结果: {"code":200,"data":{"expire":"2024-06-18 21:24:40.666","role":"user","token":"eyJ0eXAiOiJKV1QiLCJhbGciOiJIUzI1NiJ9.eyJuYW1lIjoiYWRtaW4iLCJpZCI6MCwiZXhwIjoxNzE4NzE3MDgwLCJpYXQiOjE3MTg0NTc4ODAsImp0aSI6IjFjNGE4NGFmLTEyZWItNDEzZi05MTVmLTE4MDEzNDA4MWJjYSIsImF1dGhvcml0aWVzIjpbIlJPTEVfdXNlciJdfQ.R6wUcy5eU_S0VkUCUO7rYpxZnUjs78UkOvF7SZdA_8E","username":"admin"},"id":114797975846391808,"message":"请求成功"}
2024-06-15 21:24:40.879  INFO 350920 --- [http-nio-8080-exec-9] (114797977490558976) com.example.filter.RequestLogFilter      : 请求URL: "/socket/admin" (GET) | 远程IP地址: 0:0:0:0:0:0:0:1 │ 身份: 未验证 | 请求参数列表: {}
2024-06-15 21:24:40.902  INFO 350920 --- [http-nio-8080-exec-9] (114797977490558976) com.example.filter.RequestLogFilter      : 请求处理耗时: 23ms | 响应结果: 101 错误
2024-06-15 21:24:43.557  INFO 350920 --- [http-nio-8080-exec-1] (114797988722905088) com.example.filter.RequestLogFilter      : 请求URL: "/socket/admin" (GET) | 远程IP地址: 0:0:0:0:0:0:0:1 │ 身份: 未验证 | 请求参数列表: {}
2024-06-15 21:24:43.559  INFO 350920 --- [http-nio-8080-exec-1] (114797988722905088) com.example.filter.RequestLogFilter      : 请求处理耗时: 2ms | 响应结果: 101 错误
2024-06-15 21:24:48.270  INFO 350920 --- [http-nio-8080-exec-3] (114798008486465536) com.example.filter.RequestLogFilter      : 请求URL: "/socket/driac" (GET) | 远程IP地址: 0:0:0:0:0:0:0:1 │ 身份: 未验证 | 请求参数列表: {}
2024-06-15 21:24:48.272  INFO 350920 --- [http-nio-8080-exec-3] (114798008486465536) com.example.filter.RequestLogFilter      : 请求处理耗时: 3ms | 响应结果: 101 错误
2024-06-15 21:25:11.270  INFO 350920 --- [http-nio-8080-exec-2] (114798104959651840) com.example.filter.RequestLogFilter      : 请求URL: "/socket/admin" (GET) | 远程IP地址: 0:0:0:0:0:0:0:1 │ 身份: 未验证 | 请求参数列表: {}
2024-06-15 21:25:11.274  INFO 350920 --- [http-nio-8080-exec-2] (114798104959651840) com.example.filter.RequestLogFilter      : 请求处理耗时: 4ms | 响应结果: 101 错误
2024-06-15 21:25:13.675  INFO 350920 --- [http-nio-8080-exec-7] (114798115042758656) com.example.filter.RequestLogFilter      : 请求URL: "/socket/admin" (GET) | 远程IP地址: 0:0:0:0:0:0:0:1 │ 身份: 未验证 | 请求参数列表: {}
2024-06-15 21:25:13.677  INFO 350920 --- [http-nio-8080-exec-7] (114798115042758656) com.example.filter.RequestLogFilter      : 请求处理耗时: 3ms | 响应结果: 101 错误
2024-06-15 21:25:26.578  INFO 350920 --- [http-nio-8080-exec-9] (114798169166057472) com.example.filter.RequestLogFilter      : 请求URL: "/socket/admin" (GET) | 远程IP地址: 0:0:0:0:0:0:0:1 │ 身份: 未验证 | 请求参数列表: {}
2024-06-15 21:25:26.579  INFO 350920 --- [http-nio-8080-exec-9] (114798169166057472) com.example.filter.RequestLogFilter      : 请求处理耗时: 1ms | 响应结果: 101 错误
2024-06-15 21:25:37.658  INFO 350920 --- [http-nio-8080-exec-1] (114798215638945792) com.example.filter.RequestLogFilter      : 请求URL: "/socket/admin" (GET) | 远程IP地址: 0:0:0:0:0:0:0:1 │ 身份: 未验证 | 请求参数列表: {}
2024-06-15 21:25:37.662  INFO 350920 --- [http-nio-8080-exec-1] (114798215638945792) com.example.filter.RequestLogFilter      : 请求处理耗时: 4ms | 响应结果: 101 错误
2024-06-15 21:25:39.795  INFO 350920 --- [http-nio-8080-exec-4] (114798224602173440) com.example.filter.RequestLogFilter      : 请求URL: "/api/auth/logout" (OPTIONS) | 远程IP地址: 0:0:0:0:0:0:0:1 │ 身份: 未验证 | 请求参数列表: {}
2024-06-15 21:25:39.836  INFO 350920 --- [http-nio-8080-exec-4] (114798224602173440) com.example.filter.RequestLogFilter      : 请求处理耗时: 41ms | 响应结果: 
2024-06-15 21:25:57.040  INFO 350920 --- [http-nio-8080-exec-2] (114798296932945920) com.example.filter.RequestLogFilter      : 请求URL: "/api/auth/login" (POST) | 远程IP地址: 0:0:0:0:0:0:0:1 │ 身份: 未验证 | 请求参数列表: {"username":"admin","password":"123456"}
2024-06-15 21:25:57.160  INFO 350920 --- [http-nio-8080-exec-2] (114798296932945920) com.example.filter.RequestLogFilter      : 请求处理耗时: 120ms | 响应结果: {"code":200,"data":{"expire":"2024-06-18 21:25:57.16","role":"user","token":"eyJ0eXAiOiJKV1QiLCJhbGciOiJIUzI1NiJ9.eyJuYW1lIjoiYWRtaW4iLCJpZCI6MCwiZXhwIjoxNzE4NzE3MTU3LCJpYXQiOjE3MTg0NTc5NTcsImp0aSI6IjIxZDA2MjZhLWY2YTgtNDRlMi1hZGM0LTQ5MjhiNGYzNDI5NCIsImF1dGhvcml0aWVzIjpbIlJPTEVfdXNlciJdfQ.zghv84wCzMjk0VDOMi-mzeKRRgRAAeq8JgylrjWu9x4","username":"admin"},"id":114798296932945920,"message":"请求成功"}
2024-06-15 21:25:57.734  INFO 350920 --- [http-nio-8080-exec-6] (114798299843792896) com.example.filter.RequestLogFilter      : 请求URL: "/socket/admin" (GET) | 远程IP地址: 0:0:0:0:0:0:0:1 │ 身份: 未验证 | 请求参数列表: {}
2024-06-15 21:25:57.739  INFO 350920 --- [http-nio-8080-exec-6] (114798299843792896) com.example.filter.RequestLogFilter      : 请求处理耗时: 5ms | 响应结果: 101 错误
2024-06-15 21:26:01.045  INFO 350920 --- [http-nio-8080-exec-8] (114798313731133440) com.example.filter.RequestLogFilter      : 请求URL: "/socket/admin" (GET) | 远程IP地址: 0:0:0:0:0:0:0:1 │ 身份: 未验证 | 请求参数列表: {}
2024-06-15 21:26:01.048  INFO 350920 --- [http-nio-8080-exec-8] (114798313731133440) com.example.filter.RequestLogFilter      : 请求处理耗时: 3ms | 响应结果: 101 错误
2024-06-15 21:26:11.055  INFO 350920 --- [http-nio-8080-exec-10] (114798355716116480) com.example.filter.RequestLogFilter      : 请求URL: "/socket/admin" (GET) | 远程IP地址: 0:0:0:0:0:0:0:1 │ 身份: 未验证 | 请求参数列表: {}
2024-06-15 21:26:11.058  INFO 350920 --- [http-nio-8080-exec-10] (114798355716116480) com.example.filter.RequestLogFilter      : 请求处理耗时: 3ms | 响应结果: 101 错误
2024-06-15 21:26:54.287  INFO 350920 --- [http-nio-8080-exec-2] (114798537044267008) com.example.filter.RequestLogFilter      : 请求URL: "/socket/driac" (GET) | 远程IP地址: 0:0:0:0:0:0:0:1 │ 身份: 未验证 | 请求参数列表: {}
2024-06-15 21:26:54.289  INFO 350920 --- [http-nio-8080-exec-2] (114798537044267008) com.example.filter.RequestLogFilter      : 请求处理耗时: 2ms | 响应结果: 101 错误
2024-06-15 21:33:41.528  INFO 350920 --- [org.springframework.amqp.rabbit.RabbitListenerEndpointContainer#0-2] (system) o.s.a.r.l.SimpleMessageListenerContainer : Waiting for workers to finish.
2024-06-15 21:33:42.189  INFO 350920 --- [org.springframework.amqp.rabbit.RabbitListenerEndpointContainer#0-2] (system) o.s.a.r.l.SimpleMessageListenerContainer : Successfully waited for workers to finish.
2024-06-15 21:33:42.250  INFO 350920 --- [SpringApplicationShutdownHook] (system) com.zaxxer.hikari.HikariDataSource       : HikariPool-1 - Shutdown initiated...
2024-06-15 21:33:42.258  INFO 350920 --- [SpringApplicationShutdownHook] (system) com.zaxxer.hikari.HikariDataSource       : HikariPool-1 - Shutdown completed.
2024-06-15 21:51:36.492  INFO 6700 --- [main] (system) c.example.MyProjectBackendApplication    : Starting MyProjectBackendApplication using Java 20.0.1 with PID 6700 (G:\project\projectList\web课设\课设demo\backend\target\classes started by sss in G:\project\projectList\web课设\课设demo\backend)
2024-06-15 21:51:36.494  INFO 6700 --- [main] (system) c.example.MyProjectBackendApplication    : The following 1 profile is active: "dev"
2024-06-15 21:51:38.386  INFO 6700 --- [main] (system) .s.d.r.c.RepositoryConfigurationDelegate : Multiple Spring Data modules found, entering strict repository configuration mode
2024-06-15 21:51:38.388  INFO 6700 --- [main] (system) .s.d.r.c.RepositoryConfigurationDelegate : Bootstrapping Spring Data Redis repositories in DEFAULT mode.
2024-06-15 21:51:38.415  INFO 6700 --- [main] (system) .s.d.r.c.RepositoryConfigurationDelegate : Finished Spring Data repository scanning in 11 ms. Found 0 Redis repository interfaces.
2024-06-15 21:51:38.981  INFO 6700 --- [main] (system) o.s.b.w.embedded.tomcat.TomcatWebServer  : Tomcat initialized with port(s): 8080 (http)
2024-06-15 21:51:38.989  INFO 6700 --- [main] (system) o.apache.catalina.core.StandardService   : Starting service [Tomcat]
2024-06-15 21:51:38.989  INFO 6700 --- [main] (system) o.apache.catalina.core.StandardEngine    : Starting Servlet engine: [Apache Tomcat/10.1.11]
2024-06-15 21:51:39.068  INFO 6700 --- [main] (system) o.a.c.c.C.[Tomcat].[localhost].[/]       : Initializing Spring embedded WebApplicationContext
2024-06-15 21:51:39.068  INFO 6700 --- [main] (system) w.s.c.ServletWebServerApplicationContext : Root WebApplicationContext: initialization completed in 2539 ms
2024-06-15 21:51:40.379  INFO 6700 --- [main] (system) o.s.s.web.DefaultSecurityFilterChain     : Will secure any request with [org.springframework.security.web.session.DisableEncodeUrlFilter@17dbca0a, org.springframework.security.web.context.request.async.WebAsyncManagerIntegrationFilter@33765d22, org.springframework.security.web.context.SecurityContextHolderFilter@744fb110, org.springframework.security.web.header.HeaderWriterFilter@43719e98, org.springframework.security.web.authentication.logout.LogoutFilter@3093b9ff, com.example.filter.JwtAuthenticationFilter@2b936b04, com.example.filter.RequestLogFilter@4948daec, org.springframework.security.web.authentication.UsernamePasswordAuthenticationFilter@3e5c7588, org.springframework.security.web.savedrequest.RequestCacheAwareFilter@7474196, org.springframework.security.web.servletapi.SecurityContextHolderAwareRequestFilter@6aa9a93b, org.springframework.security.web.authentication.AnonymousAuthenticationFilter@6f67ece5, org.springframework.security.web.session.SessionManagementFilter@57e57dc5, org.springframework.security.web.access.ExceptionTranslationFilter@2337bf27, org.springframework.security.web.access.intercept.AuthorizationFilter@5487a8f1]
2024-06-15 21:51:40.643  WARN 6700 --- [main] (system) c.b.m.core.metadata.TableInfoHelper      : Can not find table primary key in Class: "com.example.entity.dto.Message".
2024-06-15 21:51:40.643  WARN 6700 --- [main] (system) c.b.m.core.injector.DefaultSqlInjector   : class com.example.entity.dto.Message ,Not found @TableId annotation, Cannot use Mybatis-Plus 'xxById' Method.
2024-06-15 21:51:40.692  WARN 6700 --- [main] (system) ocalVariableTableParameterNameDiscoverer : Using deprecated '-debug' fallback for parameter name resolution. Compile the affected code with '-parameters' instead or avoid its introspection: org.springframework.amqp.rabbit.core.RabbitAdmin
2024-06-15 21:51:40.747  INFO 6700 --- [main] (system) o.s.b.w.embedded.tomcat.TomcatWebServer  : Tomcat started on port(s): 8080 (http) with context path ''
2024-06-15 21:51:40.749  INFO 6700 --- [main] (system) o.s.a.r.c.CachingConnectionFactory       : Attempting to connect to: [localhost:5672]
2024-06-15 21:51:40.797  INFO 6700 --- [main] (system) o.s.a.r.c.CachingConnectionFactory       : Created new connection: rabbitConnectionFactory#51de5efa:0/SimpleConnection@766db6f9 [delegate=amqp://admin@127.0.0.1:5672/, localPort=54004]
2024-06-15 21:51:40.835  INFO 6700 --- [main] (system) c.example.MyProjectBackendApplication    : Started MyProjectBackendApplication in 4.815 seconds (process running for 5.505)
2024-06-15 21:51:46.618  INFO 6700 --- [org.springframework.amqp.rabbit.RabbitListenerEndpointContainer#0-2] (system) o.s.a.r.l.SimpleMessageListenerContainer : Waiting for workers to finish.
2024-06-15 21:51:46.884  INFO 6700 --- [org.springframework.amqp.rabbit.RabbitListenerEndpointContainer#0-2] (system) o.s.a.r.l.SimpleMessageListenerContainer : Successfully waited for workers to finish.
